#
# A fatal error has been detected by the Java Runtime Environment:
#
#  EXCEPTION_ACCESS_VIOLATION (0xc0000005) at pc=0x00000000549f8ad5, pid=11472, tid=13088
#
# JRE version: Java(TM) SE Runtime Environment (8.0_73-b02) (build 1.8.0_73-b02)
# Java VM: Java HotSpot(TM) 64-Bit Server VM (25.73-b02 mixed mode windows-amd64 compressed oops)
# Problematic frame:
# V  [jvm.dll+0x128ad5]
#
# Failed to write core dump. Minidumps are not enabled by default on client versions of Windows
#
# If you would like to submit a bug report, please visit:
#   http://bugreport.java.com/bugreport/crash.jsp
#

---------------  T H R E A D  ---------------

Current thread (0x0000000016d09000):  JavaThread "JDWP Transport Listener: dt_socket" daemon [_thread_in_vm, id=13088, stack(0x0000000018680000,0x0000000018780000)]

siginfo: ExceptionCode=0xc0000005, reading address 0xffffffffffffffff

Registers:
RAX=0x000000001877f801, RBX=0x0000000016d09000, RCX=0x656d617266676e69, RDX=0x0000000000000000
RSP=0x000000001877f7f0, RBP=0x656d617266676e69, RSI=0x000000001877f908, RDI=0x00000000020ce090
R8 =0x0000000016d09000, R9 =0x0000000000008000, R10=0x0000000000000000, R11=0x000000001877fab4
R12=0x0000000000000000, R13=0x0000000016d09ed8, R14=0x0000000000000000, R15=0x0000000000000000
RIP=0x00000000549f8ad5, EFLAGS=0x0000000000010206

Top of Stack: (sp=0x000000001877f7f0)
0x000000001877f7f0:   0000000016d09000 0000000016d09000
0x000000001877f800:   000000001877f8b8 0000000054bfe34b
0x000000001877f810:   0000000016d09000 0000000054c1abad
0x000000001877f820:   0000000000000000 00000000561b9155
0x000000001877f830:   0000000022387e08 00000000561c291e
0x000000001877f840:   0000000016d09000 0000000000000000
0x000000001877f850:   0000000000000000 0000000000000000
0x000000001877f860:   656d617266676e69 00000000561c1a15
0x000000001877f870:   000000001877f908 000000001877f8e0
0x000000001877f880:   0000000000000001 0000000022387e08
0x000000001877f890:   656d617266676e69 00000000561a53b3
0x000000001877f8a0:   000000001877f9d0 0000000000000001
0x000000001877f8b0:   0000000000000001 0000000022387e08
0x000000001877f8c0:   0000000000000001 0000000000000000
0x000000001877f8d0:   0000000000000000 0000000000000000
0x000000001877f8e0:   0000000000000001 00000000561a5571 

Instructions: (pc=0x00000000549f8ad5)
0x00000000549f8ab5:   cc cc cc cc cc cc cc cc cc cc cc 48 83 ec 28 48
0x00000000549f8ac5:   85 c9 75 07 33 c0 48 83 c4 28 c3 48 89 5c 24 20
0x00000000549f8ad5:   48 8b 19 48 85 db 74 20 48 83 fb 37 74 1a 48 8b
0x00000000549f8ae5:   13 48 8b cb ff 52 10 84 c0 74 0d 48 8b c3 48 8b 


Register to memory mapping:

RAX=0x000000001877f801 is pointing into the stack for thread: 0x0000000016d09000
RBX=0x0000000016d09000 is a thread
RCX=0x656d617266676e69 is an unknown value
RDX=0x0000000000000000 is an unknown value
RSP=0x000000001877f7f0 is pointing into the stack for thread: 0x0000000016d09000
RBP=0x656d617266676e69 is an unknown value
RSI=0x000000001877f908 is pointing into the stack for thread: 0x0000000016d09000
RDI=0x00000000020ce090 is an unknown value
R8 =0x0000000016d09000 is a thread
R9 =0x0000000000008000 is an unknown value
R10=0x0000000000000000 is an unknown value
R11=0x000000001877fab4 is pointing into the stack for thread: 0x0000000016d09000
R12=0x0000000000000000 is an unknown value
R13=0x0000000016d09ed8 is an unknown value
R14=0x0000000000000000 is an unknown value
R15=0x0000000000000000 is an unknown value


Stack: [0x0000000018680000,0x0000000018780000],  sp=0x000000001877f7f0,  free space=1021k
Native frames: (J=compiled Java code, j=interpreted, Vv=VM code, C=native code)
V  [jvm.dll+0x128ad5]
V  [jvm.dll+0x34abad]
C  [jdwp.dll+0x21a15]
C  [jdwp.dll+0x53b3]
C  [jdwp.dll+0x5571]
C  [jdwp.dll+0xf0a8]
C  [jdwp.dll+0x1f2d5]
C  [jdwp.dll+0x1f4aa]
V  [jvm.dll+0x1bbb58]
V  [jvm.dll+0x243234]
V  [jvm.dll+0x29a10a]
C  [msvcr100.dll+0x21d9f]
C  [msvcr100.dll+0x21e3b]
C  [KERNEL32.DLL+0x8364]
C  [ntdll.dll+0x670d1]


---------------  P R O C E S S  ---------------

Java Threads: ( => current thread )
  0x000000001ae58800 JavaThread "http-nio-8080-exec-10" daemon [_thread_blocked, id=11480, stack(0x0000000027820000,0x0000000027920000)]
  0x000000001ae5f000 JavaThread "http-nio-8080-exec-9" daemon [_thread_blocked, id=14660, stack(0x0000000027720000,0x0000000027820000)]
  0x000000001ae57800 JavaThread "http-nio-8080-exec-8" daemon [_thread_blocked, id=1436, stack(0x0000000027620000,0x0000000027720000)]
  0x000000001ae5e800 JavaThread "http-nio-8080-exec-7" daemon [_thread_blocked, id=7424, stack(0x0000000027520000,0x0000000027620000)]
  0x000000001ae57000 JavaThread "http-nio-8080-exec-6" daemon [_thread_blocked, id=10944, stack(0x0000000027420000,0x0000000027520000)]
  0x000000001ae59000 JavaThread "http-nio-8080-exec-5" daemon [_thread_blocked, id=14940, stack(0x0000000027120000,0x0000000027220000)]
  0x000000001ae5d800 JavaThread "http-nio-8080-exec-4" daemon [_thread_blocked, id=13520, stack(0x0000000027020000,0x0000000027120000)]
  0x000000001ae56000 JavaThread "http-nio-8080-exec-3" daemon [_thread_blocked, id=6568, stack(0x0000000026f20000,0x0000000027020000)]
  0x000000001ae5c000 JavaThread "http-nio-8080-exec-2" daemon [_thread_blocked, id=11956, stack(0x0000000026e20000,0x0000000026f20000)]
  0x000000001ae5b800 JavaThread "http-nio-8080-exec-1" daemon [_thread_blocked, id=12780, stack(0x0000000026d20000,0x0000000026e20000)]
  0x000000001ae5d000 JavaThread "RMI TCP Connection(idle)" daemon [_thread_blocked, id=16256, stack(0x0000000026a20000,0x0000000026b20000)]
  0x000000001ae5a800 JavaThread "RMI TCP Connection(idle)" daemon [_thread_blocked, id=16044, stack(0x0000000026920000,0x0000000026a20000)]
  0x000000001ae5a000 JavaThread "RMI TCP Connection(idle)" daemon [_thread_blocked, id=16280, stack(0x0000000026720000,0x0000000026820000)]
  0x000000001ae55800 JavaThread "RMI TCP Connection(idle)" daemon [_thread_blocked, id=16364, stack(0x0000000026620000,0x0000000026720000)]
  0x000000001c43b800 JavaThread "RMI TCP Connection(idle)" daemon [_thread_blocked, id=11616, stack(0x0000000026420000,0x0000000026520000)]
  0x000000001c438800 JavaThread "DestroyJavaVM" [_thread_blocked, id=6680, stack(0x0000000001f10000,0x0000000002010000)]
  0x000000001c439800 JavaThread "http-nio-8080-AsyncTimeout" daemon [_thread_blocked, id=10068, stack(0x0000000026320000,0x0000000026420000)]
  0x000000001c438000 JavaThread "http-nio-8080-Acceptor-0" daemon [_thread_in_native, id=14860, stack(0x0000000026220000,0x0000000026320000)]
  0x000000001c43d000 JavaThread "http-nio-8080-ClientPoller-1" daemon [_thread_in_native, id=6580, stack(0x0000000025150000,0x0000000025250000)]
  0x000000001c436800 JavaThread "http-nio-8080-ClientPoller-0" daemon [_thread_in_native, id=10128, stack(0x0000000025050000,0x0000000025150000)]
  0x000000001c43b000 JavaThread "NioBlockingSelector.BlockPoller-1" daemon [_thread_in_native, id=15512, stack(0x0000000024040000,0x0000000024140000)]
  0x000000001c43c800 JavaThread "Tomcat JDBC Pool Cleaner[349885916:1482417213067]" daemon [_thread_blocked, id=14484, stack(0x0000000021430000,0x0000000021530000)]
  0x0000000018ceb800 JavaThread "container-0" [_thread_blocked, id=9608, stack(0x000000001ff50000,0x0000000020050000)]
  0x000000001a888800 JavaThread "ContainerBackgroundProcessor[StandardEngine[Tomcat]]" daemon [_thread_blocked, id=6284, stack(0x000000001fb90000,0x000000001fc90000)]
  0x0000000019650800 JavaThread "JMX server connection timeout 20" daemon [_thread_blocked, id=9540, stack(0x000000001a480000,0x000000001a580000)]
  0x0000000019649000 JavaThread "RMI TCP Connection(idle)" daemon [_thread_blocked, id=6720, stack(0x000000001a380000,0x000000001a480000)]
  0x0000000019643000 JavaThread "RMI Scheduler(0)" daemon [_thread_blocked, id=2548, stack(0x000000001a280000,0x000000001a380000)]
  0x0000000019426800 JavaThread "RMI TCP Connection(idle)" daemon [_thread_blocked, id=14608, stack(0x0000000019d80000,0x0000000019e80000)]
  0x00000000193e9000 JavaThread "RMI TCP Accept-0" daemon [_thread_in_native, id=9432, stack(0x0000000019b80000,0x0000000019c80000)]
  0x00000000194d8800 JavaThread "RMI TCP Accept-4987" daemon [_thread_in_native, id=13780, stack(0x0000000019a80000,0x0000000019b80000)]
  0x00000000194f1800 JavaThread "RMI TCP Accept-0" daemon [_thread_in_native, id=5140, stack(0x0000000019980000,0x0000000019a80000)]
  0x0000000018cd8800 JavaThread "Service Thread" daemon [_thread_blocked, id=8684, stack(0x0000000019080000,0x0000000019180000)]
  0x0000000016d23000 JavaThread "C1 CompilerThread2" daemon [_thread_blocked, id=8748, stack(0x0000000018b80000,0x0000000018c80000)]
  0x0000000016d21800 JavaThread "C2 CompilerThread1" daemon [_thread_blocked, id=4412, stack(0x0000000018a80000,0x0000000018b80000)]
  0x0000000016d1c800 JavaThread "C2 CompilerThread0" daemon [_thread_blocked, id=15160, stack(0x0000000018980000,0x0000000018a80000)]
  0x0000000016d10800 JavaThread "JDWP Command Reader" daemon [_thread_in_native, id=9068, stack(0x0000000018880000,0x0000000018980000)]
  0x0000000016d0d800 JavaThread "JDWP Event Helper Thread" daemon [_thread_blocked, id=5780, stack(0x0000000018780000,0x0000000018880000)]
=>0x0000000016d09000 JavaThread "JDWP Transport Listener: dt_socket" daemon [_thread_in_vm, id=13088, stack(0x0000000018680000,0x0000000018780000)]
  0x0000000016cf6000 JavaThread "Attach Listener" daemon [_thread_blocked, id=11044, stack(0x0000000018240000,0x0000000018340000)]
  0x0000000016cf5000 JavaThread "Signal Dispatcher" daemon [_thread_blocked, id=2060, stack(0x0000000018140000,0x0000000018240000)]
  0x00000000021cc800 JavaThread "Finalizer" daemon [_thread_blocked, id=8052, stack(0x0000000017f50000,0x0000000018050000)]
  0x0000000016cb9800 JavaThread "Reference Handler" daemon [_thread_blocked, id=11396, stack(0x0000000017e50000,0x0000000017f50000)]

Other Threads:
  0x0000000016cb8000 VMThread [stack: 0x0000000017d50000,0x0000000017e50000] [id=12796]
  0x00000000193ef000 WatcherThread [stack: 0x0000000019c80000,0x0000000019d80000] [id=7816]

VM state:not at safepoint (normal execution)

VM Mutex/Monitor currently owned by a thread: None

Heap:
 PSYoungGen      total 250368K, used 37627K [0x00000000d5f80000, 0x00000000ea180000, 0x0000000100000000)
  eden space 230400K, 11% used [0x00000000d5f80000,0x00000000d796ff18,0x00000000e4080000)
  from space 19968K, 55% used [0x00000000e4080000,0x00000000e4b4eea0,0x00000000e5400000)
  to   space 19456K, 0% used [0x00000000e8e80000,0x00000000e8e80000,0x00000000ea180000)
 ParOldGen       total 91648K, used 33998K [0x0000000081e00000, 0x0000000087780000, 0x00000000d5f80000)
  object space 91648K, 37% used [0x0000000081e00000,0x0000000083f33af8,0x0000000087780000)
 Metaspace       used 55579K, capacity 56362K, committed 56576K, reserved 1099776K
  class space    used 6962K, capacity 7149K, committed 7168K, reserved 1048576K

Card table byte_map: [0x0000000011590000,0x0000000011990000] byte_map_base: 0x0000000011181000

Marking Bits: (ParMarkBitMap*) 0x00000000550e0600
 Begin Bits: [0x0000000012040000, 0x0000000013fc8000)
 End Bits:   [0x0000000013fc8000, 0x0000000015f50000)

Polling page: 0x0000000001ea0000

CodeCache: size=245760Kb used=20498Kb max_used=21406Kb free=225261Kb
 bounds [0x00000000021d0000, 0x0000000003700000, 0x00000000111d0000]
 total_blobs=6410 nmethods=5885 adapters=445
 compilation: enabled

Compilation events (10 events):
Event: 40.587 Thread 0x0000000016d23000 6972  s    3       org.apache.tomcat.util.collections.SynchronizedQueue::poll (61 bytes)
Event: 40.588 Thread 0x0000000016d23000 nmethod 6972 0x0000000002b900d0 code [0x0000000002b90240, 0x0000000002b90750]
Event: 51.590 Thread 0x0000000016d23000 6973       3       java.nio.channels.spi.AbstractSelector::isOpen (8 bytes)
Event: 51.591 Thread 0x0000000016d23000 nmethod 6973 0x00000000023f1ed0 code [0x00000000023f2040, 0x00000000023f22d0]
Event: 66.075 Thread 0x0000000016d23000 6975       3       java.util.TreeSet::add (22 bytes)
Event: 66.076 Thread 0x0000000016d23000 nmethod 6975 0x0000000002f873d0 code [0x0000000002f87540, 0x0000000002f877e8]
Event: 66.076 Thread 0x0000000016d23000 6976       1       org.apache.catalina.valves.ValveBase::getNext (5 bytes)
Event: 66.076 Thread 0x0000000016d23000 nmethod 6976 0x00000000025af210 code [0x00000000025af360, 0x00000000025af470]
Event: 68.492 Thread 0x0000000016d23000 6977   !   3       org.apache.tomcat.util.net.NioEndpoint$Poller::events (81 bytes)
Event: 68.493 Thread 0x0000000016d23000 nmethod 6977 0x0000000002df4e10 code [0x0000000002df5020, 0x0000000002df5938]

GC Heap History (10 events):
Event: 6.252 GC heap before
{Heap before GC invocations=9 (full 1):
 PSYoungGen      total 123904K, used 123043K [0x00000000d5f80000, 0x00000000e2b80000, 0x0000000100000000)
  eden space 111104K, 100% used [0x00000000d5f80000,0x00000000dcc00000,0x00000000dcc00000)
  from space 12800K, 93% used [0x00000000dcc00000,0x00000000dd7a8c28,0x00000000dd880000)
  to   space 14336K, 0% used [0x00000000e1d80000,0x00000000e1d80000,0x00000000e2b80000)
 ParOldGen       total 57856K, used 8993K [0x0000000081e00000, 0x0000000085680000, 0x00000000d5f80000)
  object space 57856K, 15% used [0x0000000081e00000,0x00000000826c8438,0x0000000085680000)
 Metaspace       used 31231K, capacity 31714K, committed 32000K, reserved 1077248K
  class space    used 3910K, capacity 4030K, committed 4096K, reserved 1048576K
Event: 6.270 GC heap after
Heap after GC invocations=9 (full 1):
 PSYoungGen      total 188928K, used 13282K [0x00000000d5f80000, 0x00000000e2a80000, 0x0000000100000000)
  eden space 175616K, 0% used [0x00000000d5f80000,0x00000000d5f80000,0x00000000e0b00000)
  from space 13312K, 99% used [0x00000000e1d80000,0x00000000e2a78b78,0x00000000e2a80000)
  to   space 15872K, 0% used [0x00000000e0b80000,0x00000000e0b80000,0x00000000e1b00000)
 ParOldGen       total 57856K, used 9001K [0x0000000081e00000, 0x0000000085680000, 0x00000000d5f80000)
  object space 57856K, 15% used [0x0000000081e00000,0x00000000826ca438,0x0000000085680000)
 Metaspace       used 31231K, capacity 31714K, committed 32000K, reserved 1077248K
  class space    used 3910K, capacity 4030K, committed 4096K, reserved 1048576K
}
Event: 7.133 GC heap before
{Heap before GC invocations=10 (full 1):
 PSYoungGen      total 188928K, used 89252K [0x00000000d5f80000, 0x00000000e2a80000, 0x0000000100000000)
  eden space 175616K, 43% used [0x00000000d5f80000,0x00000000da9b04e0,0x00000000e0b00000)
  from space 13312K, 99% used [0x00000000e1d80000,0x00000000e2a78b78,0x00000000e2a80000)
  to   space 15872K, 0% used [0x00000000e0b80000,0x00000000e0b80000,0x00000000e1b00000)
 ParOldGen       total 57856K, used 9001K [0x0000000081e00000, 0x0000000085680000, 0x00000000d5f80000)
  object space 57856K, 15% used [0x0000000081e00000,0x00000000826ca438,0x0000000085680000)
 Metaspace       used 34947K, capacity 35374K, committed 35496K, reserved 1081344K
  class space    used 4505K, capacity 4608K, committed 4608K, reserved 1048576K
Event: 7.155 GC heap after
Heap after GC invocations=10 (full 1):
 PSYoungGen      total 192000K, used 13975K [0x00000000d5f80000, 0x00000000e6780000, 0x0000000100000000)
  eden space 176128K, 0% used [0x00000000d5f80000,0x00000000d5f80000,0x00000000e0b80000)
  from space 15872K, 88% used [0x00000000e0b80000,0x00000000e1925e00,0x00000000e1b00000)
  to   space 17408K, 0% used [0x00000000e5680000,0x00000000e5680000,0x00000000e6780000)
 ParOldGen       total 57856K, used 11926K [0x0000000081e00000, 0x0000000085680000, 0x00000000d5f80000)
  object space 57856K, 20% used [0x0000000081e00000,0x00000000829a5958,0x0000000085680000)
 Metaspace       used 34947K, capacity 35374K, committed 35496K, reserved 1081344K
  class space    used 4505K, capacity 4608K, committed 4608K, reserved 1048576K
}
Event: 7.155 GC heap before
{Heap before GC invocations=11 (full 2):
 PSYoungGen      total 192000K, used 13975K [0x00000000d5f80000, 0x00000000e6780000, 0x0000000100000000)
  eden space 176128K, 0% used [0x00000000d5f80000,0x00000000d5f80000,0x00000000e0b80000)
  from space 15872K, 88% used [0x00000000e0b80000,0x00000000e1925e00,0x00000000e1b00000)
  to   space 17408K, 0% used [0x00000000e5680000,0x00000000e5680000,0x00000000e6780000)
 ParOldGen       total 57856K, used 11926K [0x0000000081e00000, 0x0000000085680000, 0x00000000d5f80000)
  object space 57856K, 20% used [0x0000000081e00000,0x00000000829a5958,0x0000000085680000)
 Metaspace       used 34947K, capacity 35374K, committed 35496K, reserved 1081344K
  class space    used 4505K, capacity 4608K, committed 4608K, reserved 1048576K
Event: 7.278 GC heap after
Heap after GC invocations=11 (full 2):
 PSYoungGen      total 192000K, used 0K [0x00000000d5f80000, 0x00000000e6780000, 0x0000000100000000)
  eden space 176128K, 0% used [0x00000000d5f80000,0x00000000d5f80000,0x00000000e0b80000)
  from space 15872K, 0% used [0x00000000e0b80000,0x00000000e0b80000,0x00000000e1b00000)
  to   space 17408K, 0% used [0x00000000e5680000,0x00000000e5680000,0x00000000e6780000)
 ParOldGen       total 91648K, used 24752K [0x0000000081e00000, 0x0000000087780000, 0x00000000d5f80000)
  object space 91648K, 27% used [0x0000000081e00000,0x000000008362c3a8,0x0000000087780000)
 Metaspace       used 34947K, capacity 35374K, committed 35496K, reserved 1081344K
  class space    used 4505K, capacity 4608K, committed 4608K, reserved 1048576K
}
Event: 10.430 GC heap before
{Heap before GC invocations=12 (full 2):
 PSYoungGen      total 192000K, used 176128K [0x00000000d5f80000, 0x00000000e6780000, 0x0000000100000000)
  eden space 176128K, 100% used [0x00000000d5f80000,0x00000000e0b80000,0x00000000e0b80000)
  from space 15872K, 0% used [0x00000000e0b80000,0x00000000e0b80000,0x00000000e1b00000)
  to   space 17408K, 0% used [0x00000000e5680000,0x00000000e5680000,0x00000000e6780000)
 ParOldGen       total 91648K, used 24752K [0x0000000081e00000, 0x0000000087780000, 0x00000000d5f80000)
  object space 91648K, 27% used [0x0000000081e00000,0x000000008362c3a8,0x0000000087780000)
 Metaspace       used 47624K, capacity 48288K, committed 48512K, reserved 1091584K
  class space    used 6001K, capacity 6179K, committed 6272K, reserved 1048576K
Event: 10.457 GC heap after
Heap after GC invocations=12 (full 2):
 PSYoungGen      total 247296K, used 17386K [0x00000000d5f80000, 0x00000000e6780000, 0x0000000100000000)
  eden space 229888K, 0% used [0x00000000d5f80000,0x00000000d5f80000,0x00000000e4000000)
  from space 17408K, 99% used [0x00000000e5680000,0x00000000e677a828,0x00000000e6780000)
  to   space 19968K, 0% used [0x00000000e4080000,0x00000000e4080000,0x00000000e5400000)
 ParOldGen       total 91648K, used 25336K [0x0000000081e00000, 0x0000000087780000, 0x00000000d5f80000)
  object space 91648K, 27% used [0x0000000081e00000,0x00000000836be2a8,0x0000000087780000)
 Metaspace       used 47624K, capacity 48288K, committed 48512K, reserved 1091584K
  class space    used 6001K, capacity 6179K, committed 6272K, reserved 1048576K
}
Event: 33.034 GC heap before
{Heap before GC invocations=13 (full 2):
 PSYoungGen      total 247296K, used 247274K [0x00000000d5f80000, 0x00000000e6780000, 0x0000000100000000)
  eden space 229888K, 100% used [0x00000000d5f80000,0x00000000e4000000,0x00000000e4000000)
  from space 17408K, 99% used [0x00000000e5680000,0x00000000e677a828,0x00000000e6780000)
  to   space 19968K, 0% used [0x00000000e4080000,0x00000000e4080000,0x00000000e5400000)
 ParOldGen       total 91648K, used 25336K [0x0000000081e00000, 0x0000000087780000, 0x00000000d5f80000)
  object space 91648K, 27% used [0x0000000081e00000,0x00000000836be2a8,0x0000000087780000)
 Metaspace       used 53962K, capacity 54718K, committed 54912K, reserved 1097728K
  class space    used 6790K, capacity 6949K, committed 7040K, reserved 1048576K
Event: 33.056 GC heap after
Heap after GC invocations=13 (full 2):
 PSYoungGen      total 250368K, used 11067K [0x00000000d5f80000, 0x00000000ea180000, 0x0000000100000000)
  eden space 230400K, 0% used [0x00000000d5f80000,0x00000000d5f80000,0x00000000e4080000)
  from space 19968K, 55% used [0x00000000e4080000,0x00000000e4b4eea0,0x00000000e5400000)
  to   space 19456K, 0% used [0x00000000e8e80000,0x00000000e8e80000,0x00000000ea180000)
 ParOldGen       total 91648K, used 33998K [0x0000000081e00000, 0x0000000087780000, 0x00000000d5f80000)
  object space 91648K, 37% used [0x0000000081e00000,0x0000000083f33af8,0x0000000087780000)
 Metaspace       used 53962K, capacity 54718K, committed 54912K, reserved 1097728K
  class space    used 6790K, capacity 6949K, committed 7040K, reserved 1048576K
}

Deoptimization events (10 events):
Event: 39.627 Thread 0x000000001ae56000 Uncommon trap: reason=unhandled action=none pc=0x0000000002f6e154 method=java.net.URLClassLoader.findClass(Ljava/lang/String;)Ljava/lang/Class; @ 44
Event: 39.628 Thread 0x000000001ae56000 Uncommon trap: reason=unhandled action=none pc=0x0000000002f6e154 method=java.net.URLClassLoader.findClass(Ljava/lang/String;)Ljava/lang/Class; @ 44
Event: 39.628 Thread 0x000000001ae56000 Uncommon trap: reason=unhandled action=none pc=0x0000000002f6e154 method=java.net.URLClassLoader.findClass(Ljava/lang/String;)Ljava/lang/Class; @ 44
Event: 39.629 Thread 0x000000001ae56000 Uncommon trap: reason=unhandled action=none pc=0x0000000002f6e154 method=java.net.URLClassLoader.findClass(Ljava/lang/String;)Ljava/lang/Class; @ 44
Event: 39.629 Thread 0x000000001ae56000 Uncommon trap: reason=unhandled action=none pc=0x0000000002f6e154 method=java.net.URLClassLoader.findClass(Ljava/lang/String;)Ljava/lang/Class; @ 44
Event: 39.629 Thread 0x000000001ae56000 Uncommon trap: reason=unhandled action=none pc=0x0000000002f6e154 method=java.net.URLClassLoader.findClass(Ljava/lang/String;)Ljava/lang/Class; @ 44
Event: 39.631 Thread 0x000000001ae56000 Uncommon trap: reason=unhandled action=none pc=0x0000000002f6e154 method=java.net.URLClassLoader.findClass(Ljava/lang/String;)Ljava/lang/Class; @ 44
Event: 39.631 Thread 0x000000001ae56000 Uncommon trap: reason=unhandled action=none pc=0x0000000002f6e154 method=java.net.URLClassLoader.findClass(Ljava/lang/String;)Ljava/lang/Class; @ 44
Event: 39.631 Thread 0x000000001ae56000 Uncommon trap: reason=unhandled action=none pc=0x0000000002f6e154 method=java.net.URLClassLoader.findClass(Ljava/lang/String;)Ljava/lang/Class; @ 44
Event: 39.631 Thread 0x000000001ae56000 Uncommon trap: reason=unhandled action=none pc=0x0000000002f6e154 method=java.net.URLClassLoader.findClass(Ljava/lang/String;)Ljava/lang/Class; @ 44

Internal exceptions (10 events):
Event: 39.632 Thread 0x000000001ae56000 Exception <a 'java/lang/ClassNotFoundException': javax/validation/ConstraintValidatorCustomizer> (0x00000000d7387aa8) thrown at [D:\re\puppet\workspace\8-2-build-windows-amd64-cygwin\jdk8u73\6086\hotspot\src\share\vm\classfile\systemDictionary.cpp, line 21×sÙú8E@
Event: 42.445 Thread 0x000000001ae56000 Exception <a 'java/lang/ArrayIndexOutOfBoundsException': 9> (0x00000000d73f4dd8) thrown at [D:\re\puppet\workspace\8-2-build-windows-amd64-cygwin\jdk8u73\6086\hotspot\src\share\vm\interpreter\interpreterRuntime.cpp, line 366]
Event: 42.446 Thread 0x000000001ae56000 Exception <a 'java/lang/ArrayIndexOutOfBoundsException': 9> (0x00000000d73f5f18) thrown at [D:\re\puppet\workspace\8-2-build-windows-amd64-cygwin\jdk8u73\6086\hotspot\src\share\vm\interpreter\interpreterRuntime.cpp, line 366]
Event: 44.791 Thread 0x000000001ae56000 Exception <a 'java/lang/ArrayIndexOutOfBoundsException': 15> (0x00000000d7410e30) thrown at [D:\re\puppet\workspace\8-2-build-windows-amd64-cygwin\jdk8u73\6086\hotspot\src\share\vm\interpreter\interpreterRuntime.cpp, line 366]
Event: 44.792 Thread 0x000000001ae56000 Exception <a 'java/lang/ArrayIndexOutOfBoundsException': 15> (0x00000000d74126b8) thrown at [D:\re\puppet\workspace\8-2-build-windows-amd64-cygwin\jdk8u73\6086\hotspot\src\share\vm\interpreter\interpreterRuntime.cpp, line 366]
Event: 44.797 Thread 0x000000001ae56000 Exception <a 'java/lang/ClassNotFoundException': java/lang/ObjectCustomizer> (0x00000000d7426e80) thrown at [D:\re\puppet\workspace\8-2-build-windows-amd64-cygwin\jdk8u73\6086\hotspot\src\share\vm\classfile\systemDictionary.cpp, line 210]
Event: 44.802 Thread 0x000000001ae56000 Exception <a 'java/lang/ClassNotFoundException': app/common/UserCustomizer> (0x00000000d7439518) thrown at [D:\re\puppet\workspace\8-2-build-windows-amd64-cygwin\jdk8u73\6086\hotspot\src\share\vm\classfile\systemDictionary.cpp, line 210]
Event: 44.809 Thread 0x000000001ae56000 Exception <a 'java/lang/ClassNotFoundException': app/manager/restaurant/RestaurantManagerCustomizer> (0x00000000d74598e0) thrown at [D:\re\puppet\workspace\8-2-build-windows-amd64-cygwin\jdk8u73\6086\hotspot\src\share\vm\classfile\systemDictionary.cpp, linV1=ÆmF@
Event: 44.858 Thread 0x000000001ae56000 Exception <a 'java/lang/StackOverflowError'> (0x00000000d75049f8) thrown at [D:\re\puppet\workspace\8-2-build-windows-amd64-cygwin\jdk8u73\6086\hotspot\src\share\vm\interpreter\interpreterRuntime.cpp, line 323]
Event: 49.907 Thread 0x000000001ae56000 Exception <a 'java/lang/reflect/InvocationTargetException'> (0x00000000d75170b8) thrown at [D:\re\puppet\workspace\8-2-build-windows-amd64-cygwin\jdk8u73\6086\hotspot\src\share\vm\runtime\reflection.cpp, line 1092]

Events (10 events):
Event: 66.076 Thread 0x0000000016d23000 flushing nmethod 0x00000000025c8fd0
Event: 66.077 Thread 0x0000000016d23000 flushing nmethod 0x000000000266de10
Event: 66.077 Thread 0x0000000016d23000 flushing nmethod 0x0000000002776650
Event: 66.077 Thread 0x0000000016d23000 flushing nmethod 0x00000000027f4bd0
Event: 68.493 Thread 0x0000000016d23000 flushing nmethod 0x0000000002813650
Event: 68.493 Thread 0x0000000016d23000 flushing nmethod 0x00000000028415d0
Event: 68.493 Thread 0x0000000016d23000 flushing nmethod 0x00000000028d6a90
Event: 68.493 Thread 0x0000000016d23000 flushing nmethod 0x0000000002925c50
Event: 78.103 Executing VM operation: RedefineClasses
Event: 78.151 Executing VM operation: RedefineClasses done


Dynamic libraries:
0x00007ff676b50000 - 0x00007ff676b87000 	C:\Program Files\Java\jre1.8.0_73\bin\javaw.exe
0x00007ffa7fbf0000 - 0x00007ffa7fdc1000 	C:\WINDOWS\SYSTEM32\ntdll.dll
0x00007ffa7e1b0000 - 0x00007ffa7e25b000 	C:\WINDOWS\System32\KERNEL32.DLL
0x00007ffa729c0000 - 0x00007ffa72a14000 	C:\Program Files (x86)\AVG\Av\avghooka.dll
0x00007ffa7c300000 - 0x00007ffa7c51d000 	C:\WINDOWS\System32\KERNELBASE.dll
0x00007ffa7dd50000 - 0x00007ffa7ddf2000 	C:\WINDOWS\System32\ADVAPI32.dll
0x00007ffa7d1e0000 - 0x00007ffa7d27e000 	C:\WINDOWS\System32\msvcrt.dll
0x00007ffa7d560000 - 0x00007ffa7d5b9000 	C:\WINDOWS\System32\sechost.dll
0x00007ffa7de70000 - 0x00007ffa7df91000 	C:\WINDOWS\System32\RPCRT4.dll
0x00007ffa7d3f0000 - 0x00007ffa7d555000 	C:\WINDOWS\System32\USER32.dll
0x00007ffa7c580000 - 0x00007ffa7c59e000 	C:\WINDOWS\System32\win32u.dll
0x00007ffa7dbf0000 - 0x00007ffa7dc24000 	C:\WINDOWS\System32\GDI32.dll
0x00007ffa7cf40000 - 0x00007ffa7d0c2000 	C:\WINDOWS\System32\gdi32full.dll
0x00007ffa73040000 - 0x00007ffa732b9000 	C:\WINDOWS\WinSxS\amd64_microsoft.windows.common-controls_6595b64144ccf1df_6.0.14393.447_none_42191651c6827bb3\COMCTL32.dll
0x00007ffa7e260000 - 0x00007ffa7e528000 	C:\WINDOWS\System32\combase.dll
0x00007ffa7c760000 - 0x00007ffa7c855000 	C:\WINDOWS\System32\ucrtbase.dll
0x00007ffa7c650000 - 0x00007ffa7c6ba000 	C:\WINDOWS\System32\bcryptPrimitives.dll
0x00007ffa7d3c0000 - 0x00007ffa7d3ee000 	C:\WINDOWS\System32\IMM32.DLL
0x0000000056220000 - 0x00000000562f2000 	C:\Program Files\Java\jre1.8.0_73\bin\msvcr100.dll
0x00000000548d0000 - 0x0000000055160000 	C:\Program Files\Java\jre1.8.0_73\bin\server\jvm.dll
0x00007ffa7dfb0000 - 0x00007ffa7dfb8000 	C:\WINDOWS\System32\PSAPI.DLL
0x00007ffa6fc90000 - 0x00007ffa6fc99000 	C:\WINDOWS\SYSTEM32\WSOCK32.dll
0x00007ffa7e020000 - 0x00007ffa7e08a000 	C:\WINDOWS\System32\WS2_32.dll
0x00007ffa7a040000 - 0x00007ffa7a063000 	C:\WINDOWS\SYSTEM32\WINMM.dll
0x00007ffa70760000 - 0x00007ffa7076a000 	C:\WINDOWS\SYSTEM32\VERSION.dll
0x00007ffa79e40000 - 0x00007ffa79e6b000 	C:\WINDOWS\SYSTEM32\WINMMBASE.dll
0x00007ffa7c2b0000 - 0x00007ffa7c2f2000 	C:\WINDOWS\System32\cfgmgr32.dll
0x0000000056210000 - 0x000000005621f000 	C:\Program Files\Java\jre1.8.0_73\bin\verify.dll
0x00000000561e0000 - 0x0000000056209000 	C:\Program Files\Java\jre1.8.0_73\bin\java.dll
0x00000000561a0000 - 0x00000000561d5000 	C:\Program Files\Java\jre1.8.0_73\bin\jdwp.dll
0x0000000056190000 - 0x0000000056198000 	C:\Program Files\Java\jre1.8.0_73\bin\npt.dll
0x0000000055d70000 - 0x0000000055d86000 	C:\Program Files\Java\jre1.8.0_73\bin\zip.dll
0x00007ffa7e530000 - 0x00007ffa7fa39000 	C:\WINDOWS\System32\SHELL32.dll
0x00007ffa7c860000 - 0x00007ffa7cf3a000 	C:\WINDOWS\System32\windows.storage.dll
0x00007ffa7c050000 - 0x00007ffa7c09c000 	C:\WINDOWS\System32\powrprof.dll
0x00007ffa7d180000 - 0x00007ffa7d1d2000 	C:\WINDOWS\System32\shlwapi.dll
0x00007ffa7c0b0000 - 0x00007ffa7c0bf000 	C:\WINDOWS\System32\kernel.appcore.dll
0x00007ffa7d0d0000 - 0x00007ffa7d179000 	C:\WINDOWS\System32\shcore.dll
0x00007ffa7c0c0000 - 0x00007ffa7c0d4000 	C:\WINDOWS\System32\profapi.dll
0x0000000055d60000 - 0x0000000055d69000 	C:\Program Files\Java\jre1.8.0_73\bin\dt_socket.dll
0x00007ffa70bd0000 - 0x00007ffa70be6000 	C:\WINDOWS\system32\napinsp.dll
0x00007ffa70b70000 - 0x00007ffa70b8a000 	C:\WINDOWS\system32\pnrpnsp.dll
0x00007ffa78a60000 - 0x00007ffa78a78000 	C:\WINDOWS\system32\NLAapi.dll
0x00007ffa7b850000 - 0x00007ffa7b8ac000 	C:\WINDOWS\System32\mswsock.dll
0x00007ffa7b620000 - 0x00007ffa7b6c0000 	C:\WINDOWS\SYSTEM32\DNSAPI.dll
0x00007ffa7dfa0000 - 0x00007ffa7dfa8000 	C:\WINDOWS\System32\NSI.dll
0x00007ffa7b5e0000 - 0x00007ffa7b618000 	C:\WINDOWS\SYSTEM32\IPHLPAPI.DLL
0x00007ffa70750000 - 0x00007ffa7075e000 	C:\WINDOWS\System32\winrnr.dll
0x00007ffa77c90000 - 0x00007ffa77cfa000 	C:\WINDOWS\System32\fwpuclnt.dll
0x00007ffa7bf90000 - 0x00007ffa7bfbb000 	C:\WINDOWS\SYSTEM32\bcrypt.dll
0x00007ffa774d0000 - 0x00007ffa774da000 	C:\Windows\System32\rasadhlp.dll
0x0000000055d50000 - 0x0000000055d5d000 	C:\Program Files\Java\jre1.8.0_73\bin\management.dll
0x0000000055d30000 - 0x0000000055d4a000 	C:\Program Files\Java\jre1.8.0_73\bin\net.dll
0x0000000055d10000 - 0x0000000055d21000 	C:\Program Files\Java\jre1.8.0_73\bin\nio.dll
0x00007ffa7bac0000 - 0x00007ffa7bad7000 	C:\WINDOWS\SYSTEM32\CRYPTSP.dll
0x00007ffa7b9d0000 - 0x00007ffa7ba03000 	C:\WINDOWS\system32\rsaenh.dll
0x00007ffa7b6d0000 - 0x00007ffa7b6ef000 	C:\WINDOWS\SYSTEM32\USERENV.dll
0x00007ffa7bae0000 - 0x00007ffa7baeb000 	C:\WINDOWS\SYSTEM32\CRYPTBASE.dll
0x00007ffa78c00000 - 0x00007ffa78c16000 	C:\WINDOWS\SYSTEM32\dhcpcsvc6.DLL
0x00007ffa78c20000 - 0x00007ffa78c3a000 	C:\WINDOWS\SYSTEM32\dhcpcsvc.DLL
0x00007ffa75260000 - 0x00007ffa753f2000 	C:\WINDOWS\SYSTEM32\dbghelp.dll

VM Arguments:
jvm_args: -agentlib:jdwp=transport=dt_socket,suspend=y,address=localhost:4988 -Dcom.sun.management.jmxremote -Dcom.sun.management.jmxremote.port=4987 -Dcom.sun.management.jmxremote.authenticate=false -Dcom.sun.management.jmxremote.ssl=false -Dspring.liveBeansView.mbeanDomain -Dspring.application.admin.enabled=true -Dfile.encoding=UTF-8 
java_command: app.Application --spring.output.ansi.enabled=always
java_class_path (initial): I:\IsaProjekat\ISA\ProjectIsa\target\classes;C:\Users\Vladimir Stanojevic\.m2\repository\org\springframework\boot\spring-boot-starter\1.4.1.RELEASE\spring-boot-starter-1.4.1.RELEASE.jar;C:\Users\Vladimir Stanojevic\.m2\repository\org\springframework\boot\spring-boot\1.4.1.RELEASE\spring-boot-1.4.1.RELEASE.jar;C:\Users\Vladimir Stanojevic\.m2\repository\org\springframework\boot\spring-boot-autoconfigure\1.4.1.RELEASE\spring-boot-autoconfigure-1.4.1.RELEASE.jar;C:\Users\Vladimir Stanojevic\.m2\repository\org\springframework\boot\spring-boot-starter-logging\1.4.1.RELEASE\spring-boot-starter-logging-1.4.1.RELEASE.jar;C:\Users\Vladimir Stanojevic\.m2\repository\ch\qos\logback\logback-classic\1.1.7\logback-classic-1.1.7.jar;C:\Users\Vladimir Stanojevic\.m2\repository\ch\qos\logback\logback-core\1.1.7\logback-core-1.1.7.jar;C:\Users\Vladimir Stanojevic\.m2\repository\org\slf4j\jcl-over-slf4j\1.7.21\jcl-over-slf4j-1.7.21.jar;C:\Users\Vladimir Stanojevic\.m2\repository\org\slf4j\jul-to-slf4j\1.7.21\jul-to-slf4j-1.7.21.jar;C:\Users\Vladimir Stanojevic\.m2\repository\org\slf4j\log4j-over-slf4j\1.7.21\log4j-over-slf4j-1.7.21.jar;C:\Users\Vladimir Stanojevic\.m2\repository\org\springframework\spring-core\4.3.3.RELEASE\spring-core-4.3.3.RELEASE.jar;C:\Users\Vladimir Stanojevic\.m2\repository\org\yaml\snakeyaml\1.17\snakeyaml-1.17.jar;C:\Users\Vladimir Stanojevic\.m2\repository\org\springframework\boot\spring-boot-starter-data-rest\1.4.1.RELEASE\spring-boot-starter-data-rest-1.4.1.RELEASE.jar;C:\Users\Vladimir Stanojevic\.m2\repository\org\springframework\boot\spring-boot-starter-web\1.4.1.RELEASE\spring-boot-starter-web-1.4.1.RELEASE.jar;C:\Users\Vladimir Stanojevic\.m2\repository\org\springframework\boot\spring-boot-starter-tomcat\1.4.1.RELEASE\spring-boot-starter-tomcat-1.4.1.RELEASE.jar;C:\Users\Vladimir Stanojevic\.m2\repository\org\apache\tomcat\embed\tomcat-embed-core\8.5.5\tomcat-embed-core-8.5.5.jar;C:\Users\Vladimir Stanojevic\.m2\repository\
Launcher Type: SUN_STANDARD

Environment Variables:
JAVA_HOME=C:\Program Files\Java\jdk1.8.0_73
PATH=C:/Program Files/Java/jre1.8.0_111/bin/server;C:/Program Files/Java/jre1.8.0_111/bin;C:/Program Files/Java/jre1.8.0_111/lib/amd64;C:\ProgramData\Oracle\Java\javapath;C:\WINDOWS\system32;C:\WINDOWS;C:\WINDOWS\System32\Wbem;C:\WINDOWS\System32\WindowsPowerShell\v1.0\;C:\Program Files (x86)\Skype\Phone\;C:\Program Files (x86)\Microsoft SQL Server\100\Tools\Binn\;C:\Program Files\Microsoft SQL Server\100\Tools\Binn\;C:\Program Files\Microsoft SQL Server\100\DTS\Binn\;C:\Users\Vladimir Stanojevic\.dnx\bin;C:\Program Files\Microsoft DNX\Dnvm\;C:\Program Files\Microsoft SQL Server\130\Tools\Binn\;C:\Program Files\nodejs\;C:\Program Files\Git\cmd;C:\Program Files\MySQL\MySQL Utilities 1.6\;C:\Program Files (x86)\Heroku\bin;C:\Program Files (x86)\git\cmd;C:\Program Files (x86)\Git\cmd;C:\Program Files (x86)\Microsoft SQL Server\Client SDK\ODBC\130\Tools\Binn\;C:\Program Files (x86)\Microsoft SQL Server\130\Tools\Binn\;C:\Program Files (x86)\Microsoft SQL Server\130\DTS\Binn\;C:\Program Files (x86)\Microsoft SQL Server\130\Tools\Binn\ManagementStudio\;C:\Program Files\Apache Software Foundation\apache-maven-3.3.9\bin;C:\Program Files (x86)\Microsoft VS Code\bin;I:\spring-tool-suite-3.8.2.RELEASE-e4.6.1-win32-x86_64\sts-bundle\sts-3.8.2.RELEASE;
USERNAME=Vladimir Stanojevic
OS=Windows_NT
PROCESSOR_IDENTIFIER=Intel64 Family 6 Model 58 Stepping 9, GenuineIntel



---------------  S Y S T E M  ---------------

OS: Windows 10.0 , 64 bit Build 14393 (10.0.14393.0)

CPU:total 4 (2 cores per cpu, 2 threads per core) family 6 model 58 stepping 9, cmov, cx8, fxsr, mmx, sse, sse2, sse3, ssse3, sse4.1, sse4.2, popcnt, avx, clmul, erms, ht, tsc, tscinvbit, tscinv

Memory: 4k page, physical 8264032k(3265888k free), swap 11094912k(4484296k free)

vm_info: Java HotSpot(TM) 64-Bit Server VM (25.73-b02) for windows-amd64 JRE (1.8.0_73-b02), built on Jan 29 2016 17:38:49 by "java_re" with MS VC++ 10.0 (VS2010)

time: Thu Dec 22 15:34:44 2016
elapsed time: 78 seconds (0d 0h 1m 18s)

