#
# A fatal error has been detected by the Java Runtime Environment:
#
#  EXCEPTION_ACCESS_VIOLATION (0xc0000005) at pc=0x00000000582c8ad5, pid=6640, tid=13476
#
# JRE version: Java(TM) SE Runtime Environment (8.0_73-b02) (build 1.8.0_73-b02)
# Java VM: Java HotSpot(TM) 64-Bit Server VM (25.73-b02 mixed mode windows-amd64 compressed oops)
# Problematic frame:
# V  [jvm.dll+0x128ad5]
#
# Failed to write core dump. Minidumps are not enabled by default on client versions of Windows
#
# If you would like to submit a bug report, please visit:
#   http://bugreport.java.com/bugreport/crash.jsp
#

---------------  T H R E A D  ---------------

Current thread (0x00000000175db800):  JavaThread "JDWP Transport Listener: dt_socket" daemon [_thread_in_vm, id=13476, stack(0x0000000018f70000,0x0000000019070000)]

siginfo: ExceptionCode=0xc0000005, reading address 0xffffffffffffffff

Registers:
RAX=0x000000001906f201, RBX=0x00000000175db800, RCX=0x003b72656c6c6f72, RDX=0x0000000000000000
RSP=0x000000001906f1f0, RBP=0x003b72656c6c6f72, RSI=0x000000001906f308, RDI=0x00000000010fda60
R8 =0x00000000175db800, R9 =0x0000000000000000, R10=0x0000000000000000, R11=0x0000000000000064
R12=0x0000000000000000, R13=0x00000000175e83e8, R14=0x0000000000000000, R15=0x0000000000000000
RIP=0x00000000582c8ad5, EFLAGS=0x0000000000010206

Top of Stack: (sp=0x000000001906f1f0)
0x000000001906f1f0:   00000000175db800 00000000175db800
0x000000001906f200:   000000001906f2b8 00000000584ce34b
0x000000001906f210:   00000000175db800 00000000584eabad
0x000000001906f220:   0000000000000000 0000000057d09155
0x000000001906f230:   0000000025863c80 0000000057d1291e
0x000000001906f240:   00000000175db800 0000000000000000
0x000000001906f250:   0000000000000000 0000000000000000
0x000000001906f260:   003b72656c6c6f72 0000000057d11a15
0x000000001906f270:   000000001906f308 000000001906f2e0
0x000000001906f280:   0000000000000001 0000000025863c80
0x000000001906f290:   003b72656c6c6f72 0000000057cf53b3
0x000000001906f2a0:   000000001906f3d0 0000000000000001
0x000000001906f2b0:   0000000000000001 0000000025863c80
0x000000001906f2c0:   0000000000000001 0000000000000000
0x000000001906f2d0:   0000000000000000 0000000000000000
0x000000001906f2e0:   0000000000000001 0000000057cf5571 

Instructions: (pc=0x00000000582c8ad5)
0x00000000582c8ab5:   cc cc cc cc cc cc cc cc cc cc cc 48 83 ec 28 48
0x00000000582c8ac5:   85 c9 75 07 33 c0 48 83 c4 28 c3 48 89 5c 24 20
0x00000000582c8ad5:   48 8b 19 48 85 db 74 20 48 83 fb 37 74 1a 48 8b
0x00000000582c8ae5:   13 48 8b cb ff 52 10 84 c0 74 0d 48 8b c3 48 8b 


Register to memory mapping:

RAX=0x000000001906f201 is pointing into the stack for thread: 0x00000000175db800
RBX=0x00000000175db800 is a thread
RCX=0x003b72656c6c6f72 is an unknown value
RDX=0x0000000000000000 is an unknown value
RSP=0x000000001906f1f0 is pointing into the stack for thread: 0x00000000175db800
RBP=0x003b72656c6c6f72 is an unknown value
RSI=0x000000001906f308 is pointing into the stack for thread: 0x00000000175db800
RDI=0x00000000010fda60 is an unknown value
R8 =0x00000000175db800 is a thread
R9 =0x0000000000000000 is an unknown value
R10=0x0000000000000000 is an unknown value
R11=0x0000000000000064 is an unknown value
R12=0x0000000000000000 is an unknown value
R13=0x00000000175e83e8 is an unknown value
R14=0x0000000000000000 is an unknown value
R15=0x0000000000000000 is an unknown value


Stack: [0x0000000018f70000,0x0000000019070000],  sp=0x000000001906f1f0,  free space=1020k
Native frames: (J=compiled Java code, j=interpreted, Vv=VM code, C=native code)
V  [jvm.dll+0x128ad5]
V  [jvm.dll+0x34abad]
C  [jdwp.dll+0x21a15]
C  [jdwp.dll+0x53b3]
C  [jdwp.dll+0x5571]
C  [jdwp.dll+0xf0a8]
C  [jdwp.dll+0x1f2d5]
C  [jdwp.dll+0x1f4aa]
V  [jvm.dll+0x1bbb58]
V  [jvm.dll+0x243234]
V  [jvm.dll+0x29a10a]
C  [msvcr100.dll+0x21d9f]
C  [msvcr100.dll+0x21e3b]
C  [KERNEL32.DLL+0x8364]
C  [ntdll.dll+0x65e91]


---------------  P R O C E S S  ---------------

Java Threads: ( => current thread )
  0x000000001e559000 JavaThread "http-nio-8080-exec-1" daemon [_thread_blocked, id=4628, stack(0x0000000027c70000,0x0000000027d70000)]
  0x000000001e55a800 JavaThread "RMI TCP Connection(6)-192.168.0.10" daemon [_thread_in_native, id=1184, stack(0x0000000027a70000,0x0000000027b70000)]
  0x000000001e55a000 JavaThread "RMI TCP Connection(idle)" daemon [_thread_blocked, id=13808, stack(0x0000000027870000,0x0000000027970000)]
  0x000000001e558800 JavaThread "RMI TCP Connection(idle)" daemon [_thread_blocked, id=6332, stack(0x0000000027570000,0x0000000027670000)]
  0x000000001e554000 JavaThread "RMI TCP Connection(idle)" daemon [_thread_blocked, id=11248, stack(0x0000000027470000,0x0000000027570000)]
  0x000000001e556000 JavaThread "RMI TCP Connection(idle)" daemon [_thread_blocked, id=12588, stack(0x0000000027370000,0x0000000027470000)]
  0x000000001e555800 JavaThread "DestroyJavaVM" [_thread_blocked, id=7952, stack(0x00000000028b0000,0x00000000029b0000)]
  0x000000001e557800 JavaThread "http-nio-8080-AsyncTimeout" daemon [_thread_blocked, id=13624, stack(0x0000000027270000,0x0000000027370000)]
  0x000000001e550800 JavaThread "http-nio-8080-Acceptor-0" daemon [_thread_in_native, id=3544, stack(0x0000000027170000,0x0000000027270000)]
  0x000000001e557000 JavaThread "http-nio-8080-ClientPoller-1" daemon [_thread_in_native, id=920, stack(0x0000000026db0000,0x0000000026eb0000)]
  0x000000001e551800 JavaThread "http-nio-8080-ClientPoller-0" daemon [_thread_in_native, id=1860, stack(0x0000000026cb0000,0x0000000026db0000)]
  0x000000001e554800 JavaThread "NioBlockingSelector.BlockPoller-1" daemon [_thread_in_native, id=12652, stack(0x00000000243b0000,0x00000000244b0000)]
  0x0000000022371800 JavaThread "Tomcat JDBC Pool Cleaner[349885916:1480695657621]" daemon [_thread_blocked, id=13140, stack(0x0000000021e90000,0x0000000021f90000)]
  0x000000001d7eb800 JavaThread "container-0" [_thread_blocked, id=10180, stack(0x0000000021d90000,0x0000000021e90000)]
  0x000000001b53f800 JavaThread "ContainerBackgroundProcessor[StandardEngine[Tomcat]]" daemon [_thread_blocked, id=11244, stack(0x0000000020c70000,0x0000000020d70000)]
  0x0000000019efd800 JavaThread "JMX server connection timeout 20" daemon [_thread_blocked, id=3576, stack(0x000000001ae70000,0x000000001af70000)]
  0x0000000019ee6000 JavaThread "RMI TCP Connection(idle)" daemon [_thread_blocked, id=5196, stack(0x000000001ad70000,0x000000001ae70000)]
  0x0000000019ee5000 JavaThread "RMI Scheduler(0)" daemon [_thread_blocked, id=4036, stack(0x000000001ac70000,0x000000001ad70000)]
  0x0000000019d3a000 JavaThread "RMI TCP Connection(idle)" daemon [_thread_blocked, id=9648, stack(0x000000001a770000,0x000000001a870000)]
  0x0000000019cbc800 JavaThread "RMI TCP Accept-0" daemon [_thread_in_native, id=1632, stack(0x000000001a470000,0x000000001a570000)]
  0x0000000019d0b800 JavaThread "RMI TCP Accept-10538" daemon [_thread_in_native, id=13352, stack(0x000000001a370000,0x000000001a470000)]
  0x0000000019d7a800 JavaThread "RMI TCP Accept-0" daemon [_thread_in_native, id=5040, stack(0x000000001a270000,0x000000001a370000)]
  0x00000000195ce800 JavaThread "Service Thread" daemon [_thread_blocked, id=13028, stack(0x0000000019970000,0x0000000019a70000)]
  0x0000000017625000 JavaThread "C1 CompilerThread2" daemon [_thread_blocked, id=9932, stack(0x0000000019470000,0x0000000019570000)]
  0x0000000017601800 JavaThread "C2 CompilerThread1" daemon [_thread_blocked, id=12344, stack(0x0000000019370000,0x0000000019470000)]
  0x00000000175fc800 JavaThread "C2 CompilerThread0" daemon [_thread_blocked, id=6128, stack(0x0000000019270000,0x0000000019370000)]
  0x00000000175f0800 JavaThread "JDWP Command Reader" daemon [_thread_in_native, id=6772, stack(0x0000000019170000,0x0000000019270000)]
  0x00000000175ef000 JavaThread "JDWP Event Helper Thread" daemon [_thread_blocked, id=7240, stack(0x0000000019070000,0x0000000019170000)]
=>0x00000000175db800 JavaThread "JDWP Transport Listener: dt_socket" daemon [_thread_in_vm, id=13476, stack(0x0000000018f70000,0x0000000019070000)]
  0x00000000175d3000 JavaThread "Attach Listener" daemon [_thread_blocked, id=2468, stack(0x0000000018b30000,0x0000000018c30000)]
  0x00000000175d2000 JavaThread "Signal Dispatcher" daemon [_thread_blocked, id=8472, stack(0x0000000018a30000,0x0000000018b30000)]
  0x0000000002aac000 JavaThread "Finalizer" daemon [_thread_blocked, id=13988, stack(0x0000000018840000,0x0000000018940000)]
  0x0000000002aa3000 JavaThread "Reference Handler" daemon [_thread_blocked, id=7180, stack(0x0000000018740000,0x0000000018840000)]

Other Threads:
  0x0000000017597000 VMThread [stack: 0x0000000018640000,0x0000000018740000] [id=13816]
  0x0000000019cbe000 WatcherThread [stack: 0x000000001a570000,0x000000001a670000] [id=12872]

VM state:not at safepoint (normal execution)

VM Mutex/Monitor currently owned by a thread: None

Heap:
 PSYoungGen      total 233472K, used 140154K [0x00000000d5f80000, 0x00000000e5a80000, 0x0000000100000000)
  eden space 217600K, 57% used [0x00000000d5f80000,0x00000000dd8f5900,0x00000000e3400000)
  from space 15872K, 99% used [0x00000000e4b00000,0x00000000e5a68f10,0x00000000e5a80000)
  to   space 17920K, 0% used [0x00000000e3780000,0x00000000e3780000,0x00000000e4900000)
 ParOldGen       total 91648K, used 23583K [0x0000000081e00000, 0x0000000087780000, 0x00000000d5f80000)
  object space 91648K, 25% used [0x0000000081e00000,0x0000000083507ed0,0x0000000087780000)
 Metaspace       used 49735K, capacity 50304K, committed 50560K, reserved 1093632K
  class space    used 6389K, capacity 6528K, committed 6528K, reserved 1048576K

Card table byte_map: [0x0000000011e70000,0x0000000012270000] byte_map_base: 0x0000000011a61000

Marking Bits: (ParMarkBitMap*) 0x00000000589b0600
 Begin Bits: [0x0000000012920000, 0x00000000148a8000)
 End Bits:   [0x00000000148a8000, 0x0000000016830000)

Polling page: 0x0000000001050000

CodeCache: size=245760Kb used=17259Kb max_used=17759Kb free=228500Kb
 bounds [0x0000000002ab0000, 0x0000000003c30000, 0x0000000011ab0000]
 total_blobs=4751 nmethods=4244 adapters=426
 compilation: enabled

Compilation events (10 events):
Event: 20.083 Thread 0x0000000017625000 nmethod 5021 0x000000000364ab90 code [0x000000000364ace0, 0x000000000364adf0]
Event: 20.090 Thread 0x0000000017625000 5022       3       java.util.concurrent.ConcurrentHashMap::size (31 bytes)
Event: 20.090 Thread 0x0000000017625000 nmethod 5022 0x000000000362eb10 code [0x000000000362ec80, 0x000000000362ef68]
Event: 20.092 Thread 0x0000000017625000 5023       3       java.nio.HeapByteBuffer::put (16 bytes)
Event: 20.092 Thread 0x00000000175fc800 5025       4       java.nio.Buffer::nextGetIndex (31 bytes)
Event: 20.093 Thread 0x0000000017625000 nmethod 5023 0x0000000002d1f310 code [0x0000000002d1f4a0, 0x0000000002d1f848]
Event: 20.093 Thread 0x00000000175fc800 nmethod 5025 0x0000000003b71050 code [0x0000000003b71180, 0x0000000003b71218]
Event: 20.093 Thread 0x0000000017625000 5024       3       java.nio.Buffer::nextPutIndex (31 bytes)
Event: 20.093 Thread 0x0000000017625000 nmethod 5024 0x0000000003200390 code [0x0000000003200500, 0x0000000003200728]
Event: 20.411 Thread 0x0000000017601800 nmethod 5011 0x00000000036d7950 code [0x00000000036d8000, 0x00000000036e2cc8]

GC Heap History (10 events):
Event: 6.063 GC heap before
{Heap before GC invocations=8 (full 1):
 PSYoungGen      total 117760K, used 116302K [0x00000000d5f80000, 0x00000000de000000, 0x0000000100000000)
  eden space 108032K, 100% used [0x00000000d5f80000,0x00000000dc900000,0x00000000dc900000)
  from space 9728K, 85% used [0x00000000dd680000,0x00000000dde93878,0x00000000de000000)
  to   space 11776K, 0% used [0x00000000dc900000,0x00000000dc900000,0x00000000dd480000)
 ParOldGen       total 59392K, used 9303K [0x0000000081e00000, 0x0000000085800000, 0x00000000d5f80000)
  object space 59392K, 15% used [0x0000000081e00000,0x0000000082715d80,0x0000000085800000)
 Metaspace       used 28059K, capacity 28452K, committed 28800K, reserved 1075200K
  class space    used 3555K, capacity 3673K, committed 3712K, reserved 1048576K
Event: 6.081 GC heap after
Heap after GC invocations=8 (full 1):
 PSYoungGen      total 119808K, used 11671K [0x00000000d5f80000, 0x00000000e1f00000, 0x0000000100000000)
  eden space 108032K, 0% used [0x00000000d5f80000,0x00000000d5f80000,0x00000000dc900000)
  from space 11776K, 99% used [0x00000000dc900000,0x00000000dd465d58,0x00000000dd480000)
  to   space 13312K, 0% used [0x00000000e1200000,0x00000000e1200000,0x00000000e1f00000)
 ParOldGen       total 59392K, used 9303K [0x0000000081e00000, 0x0000000085800000, 0x00000000d5f80000)
  object space 59392K, 15% used [0x0000000081e00000,0x0000000082715d80,0x0000000085800000)
 Metaspace       used 28059K, capacity 28452K, committed 28800K, reserved 1075200K
  class space    used 3555K, capacity 3673K, committed 3712K, reserved 1048576K
}
Event: 7.721 GC heap before
{Heap before GC invocations=9 (full 1):
 PSYoungGen      total 119808K, used 119703K [0x00000000d5f80000, 0x00000000e1f00000, 0x0000000100000000)
  eden space 108032K, 100% used [0x00000000d5f80000,0x00000000dc900000,0x00000000dc900000)
  from space 11776K, 99% used [0x00000000dc900000,0x00000000dd465d58,0x00000000dd480000)
  to   space 13312K, 0% used [0x00000000e1200000,0x00000000e1200000,0x00000000e1f00000)
 ParOldGen       total 59392K, used 9303K [0x0000000081e00000, 0x0000000085800000, 0x00000000d5f80000)
  object space 59392K, 15% used [0x0000000081e00000,0x0000000082715d80,0x0000000085800000)
 Metaspace       used 31702K, capacity 32156K, committed 32512K, reserved 1077248K
  class space    used 3968K, capacity 4093K, committed 4096K, reserved 1048576K
Event: 7.745 GC heap after
Heap after GC invocations=9 (full 1):
 PSYoungGen      total 179712K, used 12664K [0x00000000d5f80000, 0x00000000e1f00000, 0x0000000100000000)
  eden space 166400K, 0% used [0x00000000d5f80000,0x00000000d5f80000,0x00000000e0200000)
  from space 13312K, 95% used [0x00000000e1200000,0x00000000e1e5e030,0x00000000e1f00000)
  to   space 14848K, 0% used [0x00000000e0200000,0x00000000e0200000,0x00000000e1080000)
 ParOldGen       total 59392K, used 9303K [0x0000000081e00000, 0x0000000085800000, 0x00000000d5f80000)
  object space 59392K, 15% used [0x0000000081e00000,0x0000000082715d80,0x0000000085800000)
 Metaspace       used 31702K, capacity 32156K, committed 32512K, reserved 1077248K
  class space    used 3968K, capacity 4093K, committed 4096K, reserved 1048576K
}
Event: 8.282 GC heap before
{Heap before GC invocations=10 (full 1):
 PSYoungGen      total 179712K, used 61274K [0x00000000d5f80000, 0x00000000e1f00000, 0x0000000100000000)
  eden space 166400K, 29% used [0x00000000d5f80000,0x00000000d8ef8ab0,0x00000000e0200000)
  from space 13312K, 95% used [0x00000000e1200000,0x00000000e1e5e030,0x00000000e1f00000)
  to   space 14848K, 0% used [0x00000000e0200000,0x00000000e0200000,0x00000000e1080000)
 ParOldGen       total 59392K, used 9303K [0x0000000081e00000, 0x0000000085800000, 0x00000000d5f80000)
  object space 59392K, 15% used [0x0000000081e00000,0x0000000082715d80,0x0000000085800000)
 Metaspace       used 34893K, capacity 35298K, committed 35496K, reserved 1081344K
  class space    used 4487K, capacity 4606K, committed 4608K, reserved 1048576K
Event: 8.305 GC heap after
Heap after GC invocations=10 (full 1):
 PSYoungGen      total 181248K, used 13260K [0x00000000d5f80000, 0x00000000e5b00000, 0x0000000100000000)
  eden space 166400K, 0% used [0x00000000d5f80000,0x00000000d5f80000,0x00000000e0200000)
  from space 14848K, 89% used [0x00000000e0200000,0x00000000e0ef3180,0x00000000e1080000)
  to   space 16384K, 0% used [0x00000000e4b00000,0x00000000e4b00000,0x00000000e5b00000)
 ParOldGen       total 59392K, used 11705K [0x0000000081e00000, 0x0000000085800000, 0x00000000d5f80000)
  object space 59392K, 19% used [0x0000000081e00000,0x000000008296e638,0x0000000085800000)
 Metaspace       used 34893K, capacity 35298K, committed 35496K, reserved 1081344K
  class space    used 4487K, capacity 4606K, committed 4608K, reserved 1048576K
}
Event: 8.305 GC heap before
{Heap before GC invocations=11 (full 2):
 PSYoungGen      total 181248K, used 13260K [0x00000000d5f80000, 0x00000000e5b00000, 0x0000000100000000)
  eden space 166400K, 0% used [0x00000000d5f80000,0x00000000d5f80000,0x00000000e0200000)
  from space 14848K, 89% used [0x00000000e0200000,0x00000000e0ef3180,0x00000000e1080000)
  to   space 16384K, 0% used [0x00000000e4b00000,0x00000000e4b00000,0x00000000e5b00000)
 ParOldGen       total 59392K, used 11705K [0x0000000081e00000, 0x0000000085800000, 0x00000000d5f80000)
  object space 59392K, 19% used [0x0000000081e00000,0x000000008296e638,0x0000000085800000)
 Metaspace       used 34893K, capacity 35298K, committed 35496K, reserved 1081344K
  class space    used 4487K, capacity 4606K, committed 4608K, reserved 1048576K
Event: 8.435 GC heap after
Heap after GC invocations=11 (full 2):
 PSYoungGen      total 181248K, used 0K [0x00000000d5f80000, 0x00000000e5b00000, 0x0000000100000000)
  eden space 166400K, 0% used [0x00000000d5f80000,0x00000000d5f80000,0x00000000e0200000)
  from space 14848K, 0% used [0x00000000e0200000,0x00000000e0200000,0x00000000e1080000)
  to   space 16384K, 0% used [0x00000000e4b00000,0x00000000e4b00000,0x00000000e5b00000)
 ParOldGen       total 91648K, used 23575K [0x0000000081e00000, 0x0000000087780000, 0x00000000d5f80000)
  object space 91648K, 25% used [0x0000000081e00000,0x0000000083505ed0,0x0000000087780000)
 Metaspace       used 34893K, capacity 35298K, committed 35496K, reserved 1081344K
  class space    used 4487K, capacity 4606K, committed 4608K, reserved 1048576K
}
Event: 12.866 GC heap before
{Heap before GC invocations=12 (full 2):
 PSYoungGen      total 181248K, used 166400K [0x00000000d5f80000, 0x00000000e5b00000, 0x0000000100000000)
  eden space 166400K, 100% used [0x00000000d5f80000,0x00000000e0200000,0x00000000e0200000)
  from space 14848K, 0% used [0x00000000e0200000,0x00000000e0200000,0x00000000e1080000)
  to   space 16384K, 0% used [0x00000000e4b00000,0x00000000e4b00000,0x00000000e5b00000)
 ParOldGen       total 91648K, used 23575K [0x0000000081e00000, 0x0000000087780000, 0x00000000d5f80000)
  object space 91648K, 25% used [0x0000000081e00000,0x0000000083505ed0,0x0000000087780000)
 Metaspace       used 46273K, capacity 46722K, committed 47104K, reserved 1089536K
  class space    used 5955K, capacity 6094K, committed 6144K, reserved 1048576K
Event: 12.886 GC heap after
Heap after GC invocations=12 (full 2):
 PSYoungGen      total 233472K, used 15779K [0x00000000d5f80000, 0x00000000e5a80000, 0x0000000100000000)
  eden space 217600K, 0% used [0x00000000d5f80000,0x00000000d5f80000,0x00000000e3400000)
  from space 15872K, 99% used [0x00000000e4b00000,0x00000000e5a68f10,0x00000000e5a80000)
  to   space 17920K, 0% used [0x00000000e3780000,0x00000000e3780000,0x00000000e4900000)
 ParOldGen       total 91648K, used 23583K [0x0000000081e00000, 0x0000000087780000, 0x00000000d5f80000)
  object space 91648K, 25% used [0x0000000081e00000,0x0000000083507ed0,0x0000000087780000)
 Metaspace       used 46273K, capacity 46722K, committed 47104K, reserved 1089536K
  class space    used 5955K, capacity 6094K, committed 6144K, reserved 1048576K
}

Deoptimization events (10 events):
Event: 20.073 Thread 0x000000001e559000 Uncommon trap: reason=unhandled action=none pc=0x0000000002cbba14 method=java.net.URLClassLoader.findClass(Ljava/lang/String;)Ljava/lang/Class; @ 44
Event: 20.074 Thread 0x000000001e559000 Uncommon trap: reason=unhandled action=none pc=0x0000000002cbba14 method=java.net.URLClassLoader.findClass(Ljava/lang/String;)Ljava/lang/Class; @ 44
Event: 20.075 Thread 0x000000001e559000 Uncommon trap: reason=unhandled action=none pc=0x0000000002cbba14 method=java.net.URLClassLoader.findClass(Ljava/lang/String;)Ljava/lang/Class; @ 44
Event: 20.080 Thread 0x000000001e559000 Uncommon trap: reason=range_check action=none pc=0x0000000002d839dc method=sun.reflect.generics.parser.SignatureParser.current()C @ 34
Event: 20.085 Thread 0x000000001e559000 Uncommon trap: reason=unhandled action=none pc=0x0000000002cbba14 method=java.net.URLClassLoader.findClass(Ljava/lang/String;)Ljava/lang/Class; @ 44
Event: 20.086 Thread 0x000000001e559000 Uncommon trap: reason=unhandled action=none pc=0x0000000002cbba14 method=java.net.URLClassLoader.findClass(Ljava/lang/String;)Ljava/lang/Class; @ 44
Event: 20.087 Thread 0x000000001e559000 Uncommon trap: reason=unhandled action=none pc=0x0000000002cbba14 method=java.net.URLClassLoader.findClass(Ljava/lang/String;)Ljava/lang/Class; @ 44
Event: 20.088 Thread 0x000000001e559000 Uncommon trap: reason=unhandled action=none pc=0x0000000002cbba14 method=java.net.URLClassLoader.findClass(Ljava/lang/String;)Ljava/lang/Class; @ 44
Event: 20.093 Thread 0x000000001e559000 Uncommon trap: reason=unhandled action=none pc=0x0000000002cbba14 method=java.net.URLClassLoader.findClass(Ljava/lang/String;)Ljava/lang/Class; @ 44
Event: 20.095 Thread 0x000000001e559000 Uncommon trap: reason=unhandled action=none pc=0x0000000002cbba14 method=java.net.URLClassLoader.findClass(Ljava/lang/String;)Ljava/lang/Class; @ 44

Internal exceptions (10 events):
Event: 19.952 Thread 0x000000001e559000 Exception <a 'java/lang/ClassNotFoundException': org/springframework/web/servlet/RequestToViewNameTranslatorCustomizer> (0x00000000dd0466a0) thrown at [D:\re\puppet\workspace\8-2-build-windows-amd64-cygwin\jdk8u73\6086\hotspot\src\share\vm\classfile\system
Event: 19.957 Thread 0x000000001e559000 Exception <a 'java/lang/ClassNotFoundException': java/lang/ObjectCustomizer> (0x00000000dd074638) thrown at [D:\re\puppet\workspace\8-2-build-windows-amd64-cygwin\jdk8u73\6086\hotspot\src\share\vm\classfile\systemDictionary.cpp, line 210]
Event: 19.958 Thread 0x000000001e559000 Exception <a 'java/lang/ClassNotFoundException': org/springframework/web/servlet/support/AbstractFlashMapManagerCustomizer> (0x00000000dd08fb70) thrown at [D:\re\puppet\workspace\8-2-build-windows-amd64-cygwin\jdk8u73\6086\hotspot\src\share\vm\classfile\syŒQ	–õ3@
Event: 19.959 Thread 0x000000001e559000 Exception <a 'java/lang/ClassNotFoundException': org/springframework/web/servlet/support/SessionFlashMapManagerCustomizer> (0x00000000dd0aef30) thrown at [D:\re\puppet\workspace\8-2-build-windows-amd64-cygwin\jdk8u73\6086\hotspot\src\share\vm\classfile\sys7A$Øõ3@
Event: 19.960 Thread 0x000000001e559000 Exception <a 'java/lang/ClassNotFoundException': org/springframework/web/servlet/FlashMapManagerCustomizer> (0x00000000dd0c60e0) thrown at [D:\re\puppet\workspace\8-2-build-windows-amd64-cygwin\jdk8u73\6086\hotspot\src\share\vm\classfile\systemDictionary.cM¶·ôü3@
Event: 19.988 Thread 0x000000001e559000 Implicit null exception at 0x0000000003bc57b4 to 0x0000000003bd1d17
Event: 20.021 Thread 0x000000001e559000 Exception <a 'java/lang/ArrayIndexOutOfBoundsException': 83> (0x00000000dd41c708) thrown at [D:\re\puppet\workspace\8-2-build-windows-amd64-cygwin\jdk8u73\6086\hotspot\src\share\vm\interpreter\interpreterRuntime.cpp, line 366]
Event: 20.054 Thread 0x000000001e559000 Exception <a 'java/lang/ArrayIndexOutOfBoundsException': 101> (0x00000000dd541e20) thrown at [D:\re\puppet\workspace\8-2-build-windows-amd64-cygwin\jdk8u73\6086\hotspot\src\share\vm\interpreter\interpreterRuntime.cpp, line 366]
Event: 20.070 Thread 0x000000001e559000 Exception <a 'java/lang/ArrayIndexOutOfBoundsException': 149> (0x00000000dd601da0) thrown at [D:\re\puppet\workspace\8-2-build-windows-amd64-cygwin\jdk8u73\6086\hotspot\src\share\vm\interpreter\interpreterRuntime.cpp, line 366]
Event: 20.081 Thread 0x000000001e559000 Exception <a 'java/lang/ArrayIndexOutOfBoundsException': 61> (0x00000000dd652d88) thrown at [D:\re\puppet\workspace\8-2-build-windows-amd64-cygwin\jdk8u73\6086\hotspot\src\share\vm\interpreter\interpreterRuntime.cpp, line 366]

Events (10 events):
Event: 20.099 Executing VM operation: RevokeBias
Event: 20.100 Executing VM operation: RevokeBias done
Event: 20.100 Executing VM operation: RevokeBias
Event: 20.100 Executing VM operation: RevokeBias done
Event: 20.100 Executing VM operation: RevokeBias
Event: 20.100 Executing VM operation: RevokeBias done
Event: 30.596 loading class sun/net/ResourceManager
Event: 30.596 loading class sun/net/ResourceManager done
Event: 34.587 Executing VM operation: RedefineClasses
Event: 34.629 Executing VM operation: RedefineClasses done


Dynamic libraries:
0x00007ff63d640000 - 0x00007ff63d677000 	C:\Program Files\Java\jre1.8.0_73\bin\javaw.exe
0x00007ffcf3140000 - 0x00007ffcf3311000 	C:\WINDOWS\SYSTEM32\ntdll.dll
0x00007ffcf3090000 - 0x00007ffcf313b000 	C:\WINDOWS\System32\KERNEL32.DLL
0x00007ffcde390000 - 0x00007ffcde3e4000 	C:\Program Files (x86)\AVG\Av\avghooka.dll
0x00007ffcef630000 - 0x00007ffcef84d000 	C:\WINDOWS\System32\KERNELBASE.dll
0x00007ffcf0db0000 - 0x00007ffcf0e52000 	C:\WINDOWS\System32\ADVAPI32.dll
0x00007ffcf2490000 - 0x00007ffcf252e000 	C:\WINDOWS\System32\msvcrt.dll
0x00007ffcf2430000 - 0x00007ffcf2489000 	C:\WINDOWS\System32\sechost.dll
0x00007ffcf26a0000 - 0x00007ffcf27c1000 	C:\WINDOWS\System32\RPCRT4.dll
0x00007ffcf2530000 - 0x00007ffcf2695000 	C:\WINDOWS\System32\USER32.dll
0x00007ffcef950000 - 0x00007ffcef96e000 	C:\WINDOWS\System32\win32u.dll
0x00007ffcf0a70000 - 0x00007ffcf0aa4000 	C:\WINDOWS\System32\GDI32.dll
0x00007ffcefcb0000 - 0x00007ffcefe32000 	C:\WINDOWS\System32\gdi32full.dll
0x00007ffcdd880000 - 0x00007ffcddaf9000 	C:\WINDOWS\WinSxS\amd64_microsoft.windows.common-controls_6595b64144ccf1df_6.0.14393.447_none_42191651c6827bb3\COMCTL32.dll
0x00007ffcf0ae0000 - 0x00007ffcf0da7000 	C:\WINDOWS\System32\combase.dll
0x00007ffcefbb0000 - 0x00007ffcefca5000 	C:\WINDOWS\System32\ucrtbase.dll
0x00007ffcef970000 - 0x00007ffcef9da000 	C:\WINDOWS\System32\bcryptPrimitives.dll
0x00007ffcf0ab0000 - 0x00007ffcf0ade000 	C:\WINDOWS\System32\IMM32.DLL
0x0000000057d30000 - 0x0000000057e02000 	C:\Program Files\Java\jre1.8.0_73\bin\msvcr100.dll
0x00000000581a0000 - 0x0000000058a30000 	C:\Program Files\Java\jre1.8.0_73\bin\server\jvm.dll
0x00007ffcf0900000 - 0x00007ffcf0908000 	C:\WINDOWS\System32\PSAPI.DLL
0x00007ffce1b40000 - 0x00007ffce1b49000 	C:\WINDOWS\SYSTEM32\WSOCK32.dll
0x00007ffcf2eb0000 - 0x00007ffcf2f1a000 	C:\WINDOWS\System32\WS2_32.dll
0x00007ffced8d0000 - 0x00007ffced8f3000 	C:\WINDOWS\SYSTEM32\WINMM.dll
0x00007ffce2db0000 - 0x00007ffce2dba000 	C:\WINDOWS\SYSTEM32\VERSION.dll
0x00007ffced8a0000 - 0x00007ffced8cb000 	C:\WINDOWS\SYSTEM32\WINMMBASE.dll
0x00007ffcef900000 - 0x00007ffcef942000 	C:\WINDOWS\System32\cfgmgr32.dll
0x0000000058ef0000 - 0x0000000058eff000 	C:\Program Files\Java\jre1.8.0_73\bin\verify.dll
0x0000000058ec0000 - 0x0000000058ee9000 	C:\Program Files\Java\jre1.8.0_73\bin\java.dll
0x0000000057cf0000 - 0x0000000057d25000 	C:\Program Files\Java\jre1.8.0_73\bin\jdwp.dll
0x0000000058c50000 - 0x0000000058c58000 	C:\Program Files\Java\jre1.8.0_73\bin\npt.dll
0x0000000058e70000 - 0x0000000058e86000 	C:\Program Files\Java\jre1.8.0_73\bin\zip.dll
0x00007ffcf0f20000 - 0x00007ffcf2429000 	C:\WINDOWS\System32\SHELL32.dll
0x00007ffceff90000 - 0x00007ffcf066a000 	C:\WINDOWS\System32\windows.storage.dll
0x00007ffcef5e0000 - 0x00007ffcef62c000 	C:\WINDOWS\System32\powrprof.dll
0x00007ffcf0e60000 - 0x00007ffcf0eb2000 	C:\WINDOWS\System32\shlwapi.dll
0x00007ffcef5d0000 - 0x00007ffcef5df000 	C:\WINDOWS\System32\kernel.appcore.dll
0x00007ffcefe40000 - 0x00007ffcefee9000 	C:\WINDOWS\System32\shcore.dll
0x00007ffcef5a0000 - 0x00007ffcef5b4000 	C:\WINDOWS\System32\profapi.dll
0x0000000057ce0000 - 0x0000000057ce9000 	C:\Program Files\Java\jre1.8.0_73\bin\dt_socket.dll
0x00007ffce1d80000 - 0x00007ffce1d96000 	C:\WINDOWS\system32\napinsp.dll
0x00007ffcdf990000 - 0x00007ffcdf9aa000 	C:\WINDOWS\system32\pnrpnsp.dll
0x00007ffce9f60000 - 0x00007ffce9f78000 	C:\WINDOWS\system32\NLAapi.dll
0x00007ffceeda0000 - 0x00007ffceedfc000 	C:\WINDOWS\System32\mswsock.dll
0x00007ffceeb70000 - 0x00007ffceec10000 	C:\WINDOWS\SYSTEM32\DNSAPI.dll
0x00007ffcf2ea0000 - 0x00007ffcf2ea8000 	C:\WINDOWS\System32\NSI.dll
0x00007ffceeb30000 - 0x00007ffceeb68000 	C:\WINDOWS\SYSTEM32\IPHLPAPI.DLL
0x00007ffcdf4e0000 - 0x00007ffcdf4ee000 	C:\WINDOWS\System32\winrnr.dll
0x00007ffce8760000 - 0x00007ffce87ca000 	C:\WINDOWS\System32\fwpuclnt.dll
0x00007ffcef4e0000 - 0x00007ffcef50b000 	C:\WINDOWS\SYSTEM32\bcrypt.dll
0x00007ffce7a80000 - 0x00007ffce7a8a000 	C:\Windows\System32\rasadhlp.dll
0x0000000057cd0000 - 0x0000000057cdd000 	C:\Program Files\Java\jre1.8.0_73\bin\management.dll
0x0000000058e50000 - 0x0000000058e6a000 	C:\Program Files\Java\jre1.8.0_73\bin\net.dll
0x0000000058e30000 - 0x0000000058e41000 	C:\Program Files\Java\jre1.8.0_73\bin\nio.dll
0x00007ffcef020000 - 0x00007ffcef037000 	C:\WINDOWS\SYSTEM32\CRYPTSP.dll
0x00007ffceef20000 - 0x00007ffceef53000 	C:\WINDOWS\system32\rsaenh.dll
0x00007ffceec20000 - 0x00007ffceec3f000 	C:\WINDOWS\SYSTEM32\USERENV.dll
0x00007ffcef010000 - 0x00007ffcef01b000 	C:\WINDOWS\SYSTEM32\CRYPTBASE.dll
0x00007ffcea870000 - 0x00007ffcea886000 	C:\WINDOWS\SYSTEM32\dhcpcsvc6.DLL
0x00007ffcea730000 - 0x00007ffcea74a000 	C:\WINDOWS\SYSTEM32\dhcpcsvc.DLL
0x00007ffce7b30000 - 0x00007ffce7cc2000 	C:\WINDOWS\SYSTEM32\dbghelp.dll

VM Arguments:
jvm_args: -agentlib:jdwp=transport=dt_socket,suspend=y,address=localhost:10539 -Dcom.sun.management.jmxremote -Dcom.sun.management.jmxremote.port=10538 -Dcom.sun.management.jmxremote.authenticate=false -Dcom.sun.management.jmxremote.ssl=false -Dspring.liveBeansView.mbeanDomain -Dspring.application.admin.enabled=true -Dfile.encoding=UTF-8 
java_command: app.Application --spring.output.ansi.enabled=always
java_class_path (initial): I:\IsaProjekat\ISA\ProjectIsa\target\classes;C:\Users\Vladimir Stanojevic\.m2\repository\org\springframework\boot\spring-boot-starter\1.4.1.RELEASE\spring-boot-starter-1.4.1.RELEASE.jar;C:\Users\Vladimir Stanojevic\.m2\repository\org\springframework\boot\spring-boot\1.4.1.RELEASE\spring-boot-1.4.1.RELEASE.jar;C:\Users\Vladimir Stanojevic\.m2\repository\org\springframework\boot\spring-boot-autoconfigure\1.4.1.RELEASE\spring-boot-autoconfigure-1.4.1.RELEASE.jar;C:\Users\Vladimir Stanojevic\.m2\repository\org\springframework\boot\spring-boot-starter-logging\1.4.1.RELEASE\spring-boot-starter-logging-1.4.1.RELEASE.jar;C:\Users\Vladimir Stanojevic\.m2\repository\ch\qos\logback\logback-classic\1.1.7\logback-classic-1.1.7.jar;C:\Users\Vladimir Stanojevic\.m2\repository\ch\qos\logback\logback-core\1.1.7\logback-core-1.1.7.jar;C:\Users\Vladimir Stanojevic\.m2\repository\org\slf4j\jcl-over-slf4j\1.7.21\jcl-over-slf4j-1.7.21.jar;C:\Users\Vladimir Stanojevic\.m2\repository\org\slf4j\jul-to-slf4j\1.7.21\jul-to-slf4j-1.7.21.jar;C:\Users\Vladimir Stanojevic\.m2\repository\org\slf4j\log4j-over-slf4j\1.7.21\log4j-over-slf4j-1.7.21.jar;C:\Users\Vladimir Stanojevic\.m2\repository\org\springframework\spring-core\4.3.3.RELEASE\spring-core-4.3.3.RELEASE.jar;C:\Users\Vladimir Stanojevic\.m2\repository\org\yaml\snakeyaml\1.17\snakeyaml-1.17.jar;C:\Users\Vladimir Stanojevic\.m2\repository\org\springframework\boot\spring-boot-starter-data-rest\1.4.1.RELEASE\spring-boot-starter-data-rest-1.4.1.RELEASE.jar;C:\Users\Vladimir Stanojevic\.m2\repository\org\springframework\boot\spring-boot-starter-web\1.4.1.RELEASE\spring-boot-starter-web-1.4.1.RELEASE.jar;C:\Users\Vladimir Stanojevic\.m2\repository\org\springframework\boot\spring-boot-starter-tomcat\1.4.1.RELEASE\spring-boot-starter-tomcat-1.4.1.RELEASE.jar;C:\Users\Vladimir Stanojevic\.m2\repository\org\apache\tomcat\embed\tomcat-embed-core\8.5.5\tomcat-embed-core-8.5.5.jar;C:\Users\Vladimir Stanojevic\.m2\repository\
Launcher Type: SUN_STANDARD

Environment Variables:
JAVA_HOME=C:\Program Files\Java\jdk1.8.0_73
PATH=C:/Program Files/Java/jre1.8.0_73/bin/server;C:/Program Files/Java/jre1.8.0_73/bin;C:/Program Files/Java/jre1.8.0_73/lib/amd64;C:\ProgramData\Oracle\Java\javapath;C:\WINDOWS\system32;C:\WINDOWS;C:\WINDOWS\System32\Wbem;C:\WINDOWS\System32\WindowsPowerShell\v1.0\;C:\Program Files (x86)\Skype\Phone\;C:\Program Files (x86)\Microsoft SQL Server\100\Tools\Binn\;C:\Program Files\Microsoft SQL Server\100\Tools\Binn\;C:\Program Files\Microsoft SQL Server\100\DTS\Binn\;C:\WINDOWS\system32\config\systemprofile\.dnx\bin;C:\Program Files\Microsoft DNX\Dnvm\;C:\Program Files\Microsoft SQL Server\130\Tools\Binn\;C:\Program Files\nodejs\;C:\Program Files\Git\cmd;C:\Program Files\MySQL\MySQL Utilities 1.6\;C:\Program Files\Apache Software Foundation\apache-maven-3.3.9\bin;C:\Program Files (x86)\Microsoft VS Code\bin;I:\spring-tool-suite-3.8.2.RELEASE-e4.6.1-win32-x86_64\sts-bundle\sts-3.8.2.RELEASE;
USERNAME=Vladimir Stanojevic
OS=Windows_NT
PROCESSOR_IDENTIFIER=Intel64 Family 6 Model 58 Stepping 9, GenuineIntel



---------------  S Y S T E M  ---------------

OS: Windows 10.0 , 64 bit Build 14393 (10.0.14393.0)

CPU:total 4 (2 cores per cpu, 2 threads per core) family 6 model 58 stepping 9, cmov, cx8, fxsr, mmx, sse, sse2, sse3, ssse3, sse4.1, sse4.2, popcnt, avx, clmul, erms, ht, tsc, tscinvbit, tscinv

Memory: 4k page, physical 8264032k(3260632k free), swap 9574752k(3009244k free)

vm_info: Java HotSpot(TM) 64-Bit Server VM (25.73-b02) for windows-amd64 JRE (1.8.0_73-b02), built on Jan 29 2016 17:38:49 by "java_re" with MS VC++ 10.0 (VS2010)

time: Fri Dec 02 17:21:24 2016
elapsed time: 34 seconds (0d 0h 0m 34s)

