#
# A fatal error has been detected by the Java Runtime Environment:
#
#  EXCEPTION_ACCESS_VIOLATION (0xc0000005) at pc=0x00000000582c8ad5, pid=7716, tid=13452
#
# JRE version: Java(TM) SE Runtime Environment (8.0_73-b02) (build 1.8.0_73-b02)
# Java VM: Java HotSpot(TM) 64-Bit Server VM (25.73-b02 mixed mode windows-amd64 compressed oops)
# Problematic frame:
# V  [jvm.dll+0x128ad5]
#
# Failed to write core dump. Minidumps are not enabled by default on client versions of Windows
#
# If you would like to submit a bug report, please visit:
#   http://bugreport.java.com/bugreport/crash.jsp
#

---------------  T H R E A D  ---------------

Current thread (0x0000000016e16800):  JavaThread "JDWP Transport Listener: dt_socket" daemon [_thread_in_vm, id=13452, stack(0x0000000018780000,0x0000000018880000)]

siginfo: ExceptionCode=0xc0000005, reading address 0xffffffffffffffff

Registers:
RAX=0x000000001887f201, RBX=0x0000000016e16800, RCX=0x6e6f43736d657449, RDX=0x0000000000000000
RSP=0x000000001887f1c0, RBP=0x6e6f43736d657449, RSI=0x000000001887f2d8, RDI=0x00000000020dda60
R8 =0x0000000016e16800, R9 =0x0000000000000000, R10=0x0000000000000000, R11=0x0000000000000064
R12=0x0000000000000000, R13=0x0000000016e0bf38, R14=0x0000000000000000, R15=0x0000000000000000
RIP=0x00000000582c8ad5, EFLAGS=0x0000000000010202

Top of Stack: (sp=0x000000001887f1c0)
0x000000001887f1c0:   0000000016e16800 0000000016e16800
0x000000001887f1d0:   000000001887f288 00000000584ce34b
0x000000001887f1e0:   0000000016e16800 00000000584eabad
0x000000001887f1f0:   0000000000000000 0000000058cf9155
0x000000001887f200:   000000001aa14f10 0000000058d0291e
0x000000001887f210:   0000000016e16800 0000000000000000
0x000000001887f220:   0000000000000000 0000000000000000
0x000000001887f230:   6e6f43736d657449 0000000058d01a15
0x000000001887f240:   000000001887f2d8 000000001887f2b0
0x000000001887f250:   0000000000000001 000000001aa14f10
0x000000001887f260:   6e6f43736d657449 0000000058ce53b3
0x000000001887f270:   000000001887f3a0 0000000000000001
0x000000001887f280:   0000000000000001 000000001aa14f10
0x000000001887f290:   00000000f000100a 0000000000000000
0x000000001887f2a0:   0000000000000000 0000000000000000
0x000000001887f2b0:   0000000000000001 0000000058ce5571 

Instructions: (pc=0x00000000582c8ad5)
0x00000000582c8ab5:   cc cc cc cc cc cc cc cc cc cc cc 48 83 ec 28 48
0x00000000582c8ac5:   85 c9 75 07 33 c0 48 83 c4 28 c3 48 89 5c 24 20
0x00000000582c8ad5:   48 8b 19 48 85 db 74 20 48 83 fb 37 74 1a 48 8b
0x00000000582c8ae5:   13 48 8b cb ff 52 10 84 c0 74 0d 48 8b c3 48 8b 


Register to memory mapping:

RAX=0x000000001887f201 is pointing into the stack for thread: 0x0000000016e16800
RBX=0x0000000016e16800 is a thread
RCX=0x6e6f43736d657449 is an unknown value
RDX=0x0000000000000000 is an unknown value
RSP=0x000000001887f1c0 is pointing into the stack for thread: 0x0000000016e16800
RBP=0x6e6f43736d657449 is an unknown value
RSI=0x000000001887f2d8 is pointing into the stack for thread: 0x0000000016e16800
RDI=0x00000000020dda60 is an unknown value
R8 =0x0000000016e16800 is a thread
R9 =0x0000000000000000 is an unknown value
R10=0x0000000000000000 is an unknown value
R11=0x0000000000000064 is an unknown value
R12=0x0000000000000000 is an unknown value
R13=0x0000000016e0bf38 is an unknown value
R14=0x0000000000000000 is an unknown value
R15=0x0000000000000000 is an unknown value


Stack: [0x0000000018780000,0x0000000018880000],  sp=0x000000001887f1c0,  free space=1020k
Native frames: (J=compiled Java code, j=interpreted, Vv=VM code, C=native code)
V  [jvm.dll+0x128ad5]
V  [jvm.dll+0x34abad]
C  [jdwp.dll+0x21a15]
C  [jdwp.dll+0x53b3]
C  [jdwp.dll+0x5571]
C  [jdwp.dll+0xf0a8]
C  [jdwp.dll+0x1f2d5]
C  [jdwp.dll+0x1f4aa]
V  [jvm.dll+0x1bbb58]
V  [jvm.dll+0x243234]
V  [jvm.dll+0x29a10a]
C  [msvcr100.dll+0x21d9f]
C  [msvcr100.dll+0x21e3b]
C  [KERNEL32.DLL+0x8364]
C  [ntdll.dll+0x65e91]


---------------  P R O C E S S  ---------------

Java Threads: ( => current thread )
  0x0000000020829800 JavaThread "http-nio-8080-exec-2" daemon [_thread_blocked, id=5700, stack(0x0000000027270000,0x0000000027370000)]
  0x000000002082f000 JavaThread "http-nio-8080-exec-1" daemon [_thread_blocked, id=14192, stack(0x0000000027170000,0x0000000027270000)]
  0x0000000020829000 JavaThread "RMI TCP Connection(idle)" daemon [_thread_blocked, id=7344, stack(0x0000000026d70000,0x0000000026e70000)]
  0x0000000020828000 JavaThread "RMI TCP Connection(idle)" daemon [_thread_blocked, id=6800, stack(0x0000000026c70000,0x0000000026d70000)]
  0x000000002082e000 JavaThread "RMI TCP Connection(idle)" daemon [_thread_blocked, id=10352, stack(0x0000000026b70000,0x0000000026c70000)]
  0x000000002082c800 JavaThread "DestroyJavaVM" [_thread_blocked, id=6420, stack(0x00000000020e0000,0x00000000021e0000)]
  0x000000002082d800 JavaThread "http-nio-8080-AsyncTimeout" daemon [_thread_blocked, id=6308, stack(0x0000000025470000,0x0000000025570000)]
  0x000000001de97800 JavaThread "http-nio-8080-Acceptor-0" daemon [_thread_in_native, id=8980, stack(0x0000000025370000,0x0000000025470000)]
  0x000000001de97000 JavaThread "http-nio-8080-ClientPoller-1" daemon [_thread_in_native, id=12020, stack(0x0000000025270000,0x0000000025370000)]
  0x000000001de9a000 JavaThread "http-nio-8080-ClientPoller-0" daemon [_thread_in_native, id=7732, stack(0x0000000025170000,0x0000000025270000)]
  0x000000001de99800 JavaThread "NioBlockingSelector.BlockPoller-1" daemon [_thread_in_native, id=2720, stack(0x0000000024900000,0x0000000024a00000)]
  0x000000001de98800 JavaThread "Tomcat JDBC Pool Cleaner[349885916:1480686010937]" daemon [_thread_blocked, id=3724, stack(0x0000000021420000,0x0000000021520000)]
  0x0000000019765800 JavaThread "container-0" [_thread_blocked, id=8928, stack(0x000000001fc30000,0x000000001fd30000)]
  0x000000001cfdf000 JavaThread "ContainerBackgroundProcessor[StandardEngine[Tomcat]]" daemon [_thread_blocked, id=6596, stack(0x000000001d700000,0x000000001d800000)]
  0x00000000196b7000 JavaThread "JMX server connection timeout 20" daemon [_thread_blocked, id=11244, stack(0x000000001a680000,0x000000001a780000)]
  0x00000000196ae800 JavaThread "RMI TCP Connection(2)-192.168.0.10" daemon [_thread_in_native, id=10020, stack(0x000000001a580000,0x000000001a680000)]
  0x0000000019681000 JavaThread "RMI Scheduler(0)" daemon [_thread_blocked, id=4188, stack(0x000000001a480000,0x000000001a580000)]
  0x00000000195af000 JavaThread "RMI TCP Connection(idle)" daemon [_thread_blocked, id=10308, stack(0x0000000019f80000,0x000000001a080000)]
  0x000000001953a000 JavaThread "RMI TCP Accept-0" daemon [_thread_in_native, id=2608, stack(0x0000000019c80000,0x0000000019d80000)]
  0x0000000019576000 JavaThread "RMI TCP Accept-7684" daemon [_thread_in_native, id=13680, stack(0x0000000019b80000,0x0000000019c80000)]
  0x00000000194ba000 JavaThread "RMI TCP Accept-0" daemon [_thread_in_native, id=7408, stack(0x0000000019a80000,0x0000000019b80000)]
  0x0000000018bb1000 JavaThread "Service Thread" daemon [_thread_blocked, id=6908, stack(0x0000000019180000,0x0000000019280000)]
  0x0000000016e5d000 JavaThread "C1 CompilerThread2" daemon [_thread_blocked, id=7016, stack(0x0000000019080000,0x0000000019180000)]
  0x0000000016e5c800 JavaThread "C2 CompilerThread1" daemon [_thread_blocked, id=13440, stack(0x0000000018f80000,0x0000000019080000)]
  0x0000000016e2a800 JavaThread "C2 CompilerThread0" daemon [_thread_blocked, id=11580, stack(0x0000000018a80000,0x0000000018b80000)]
  0x0000000016e1f800 JavaThread "JDWP Command Reader" daemon [_thread_in_native, id=2748, stack(0x0000000018980000,0x0000000018a80000)]
  0x0000000016e1d000 JavaThread "JDWP Event Helper Thread" daemon [_thread_blocked, id=5884, stack(0x0000000018880000,0x0000000018980000)]
=>0x0000000016e16800 JavaThread "JDWP Transport Listener: dt_socket" daemon [_thread_in_vm, id=13452, stack(0x0000000018780000,0x0000000018880000)]
  0x0000000016e03800 JavaThread "Attach Listener" daemon [_thread_blocked, id=8972, stack(0x0000000018340000,0x0000000018440000)]
  0x0000000016e02000 JavaThread "Signal Dispatcher" daemon [_thread_blocked, id=9396, stack(0x0000000018240000,0x0000000018340000)]
  0x00000000022da800 JavaThread "Finalizer" daemon [_thread_blocked, id=3968, stack(0x0000000018050000,0x0000000018150000)]
  0x0000000016dc8800 JavaThread "Reference Handler" daemon [_thread_blocked, id=4156, stack(0x0000000017f50000,0x0000000018050000)]

Other Threads:
  0x0000000016dc7800 VMThread [stack: 0x0000000017e50000,0x0000000017f50000] [id=10320]
  0x0000000019511800 WatcherThread [stack: 0x0000000019d80000,0x0000000019e80000] [id=12728]

VM state:not at safepoint (normal execution)

VM Mutex/Monitor currently owned by a thread: None

Heap:
 PSYoungGen      total 271360K, used 128362K [0x00000000d5f80000, 0x00000000e7f80000, 0x0000000100000000)
  eden space 254976K, 43% used [0x00000000d5f80000,0x00000000dcce2680,0x00000000e5880000)
  from space 16384K, 99% used [0x00000000e6f80000,0x00000000e7f784c0,0x00000000e7f80000)
  to   space 18944K, 0% used [0x00000000e5a80000,0x00000000e5a80000,0x00000000e6d00000)
 ParOldGen       total 82432K, used 23425K [0x0000000081e00000, 0x0000000086e80000, 0x00000000d5f80000)
  object space 82432K, 28% used [0x0000000081e00000,0x00000000834e04e0,0x0000000086e80000)
 Metaspace       used 50133K, capacity 50682K, committed 50944K, reserved 1093632K
  class space    used 6456K, capacity 6591K, committed 6656K, reserved 1048576K

Card table byte_map: [0x00000000116a0000,0x0000000011aa0000] byte_map_base: 0x0000000011291000

Marking Bits: (ParMarkBitMap*) 0x00000000589b0600
 Begin Bits: [0x0000000012150000, 0x00000000140d8000)
 End Bits:   [0x00000000140d8000, 0x0000000016060000)

Polling page: 0x0000000000740000

CodeCache: size=245760Kb used=16619Kb max_used=17132Kb free=229140Kb
 bounds [0x00000000022e0000, 0x00000000033c0000, 0x00000000112e0000]
 total_blobs=4616 nmethods=4097 adapters=438
 compilation: enabled

Compilation events (10 events):
Event: 25.843 Thread 0x0000000016e5d000 4918       3       org.h2.expression.ExpressionColumn::isEverything (237 bytes)
Event: 25.845 Thread 0x0000000016e5d000 nmethod 4918 0x0000000002e5f990 code [0x0000000002e5fce0, 0x0000000002e61728]
Event: 25.845 Thread 0x0000000016e5d000 4919       1       java.util.Collections$SingletonList::size (2 bytes)
Event: 25.845 Thread 0x0000000016e5d000 nmethod 4919 0x0000000002690ad0 code [0x0000000002690c20, 0x0000000002690d30]
Event: 31.839 Thread 0x0000000016e5d000 4920       1       java.nio.channels.spi.AbstractSelector::cancelledKeys (5 bytes)
Event: 31.839 Thread 0x0000000016e5d000 nmethod 4920 0x0000000002dfd450 code [0x0000000002dfd5a0, 0x0000000002dfd6b0]
Event: 36.113 Thread 0x0000000016e5c800 4921       4       java.util.TreeMap::put (247 bytes)
Event: 36.137 Thread 0x0000000016e5c800 nmethod 4921 0x00000000028be990 code [0x00000000028beb40, 0x00000000028bfca8]
Event: 39.839 Thread 0x0000000016e5d000 4922   !   3       sun.nio.ch.WindowsSelectorImpl$SubSelector::processFDSet (374 bytes)
Event: 39.842 Thread 0x0000000016e5d000 nmethod 4922 0x000000000305ec10 code [0x000000000305ef00, 0x0000000003060968]

GC Heap History (10 events):
Event: 5.245 GC heap before
{Heap before GC invocations=8 (full 1):
 PSYoungGen      total 123392K, used 122611K [0x00000000d5f80000, 0x00000000de600000, 0x0000000100000000)
  eden space 114176K, 99% used [0x00000000d5f80000,0x00000000dcefad20,0x00000000dcf00000)
  from space 9216K, 91% used [0x00000000ddd00000,0x00000000de541fa8,0x00000000de600000)
  to   space 11776K, 0% used [0x00000000dcf00000,0x00000000dcf00000,0x00000000dda80000)
 ParOldGen       total 56320K, used 9051K [0x0000000081e00000, 0x0000000085500000, 0x00000000d5f80000)
  object space 56320K, 16% used [0x0000000081e00000,0x00000000826d6da8,0x0000000085500000)
 Metaspace       used 28022K, capacity 28452K, committed 28544K, reserved 1075200K
  class space    used 3552K, capacity 3673K, committed 3712K, reserved 1048576K
Event: 5.260 GC heap after
Heap after GC invocations=8 (full 1):
 PSYoungGen      total 125952K, used 11773K [0x00000000d5f80000, 0x00000000e3500000, 0x0000000100000000)
  eden space 114176K, 0% used [0x00000000d5f80000,0x00000000d5f80000,0x00000000dcf00000)
  from space 11776K, 99% used [0x00000000dcf00000,0x00000000dda7f4e8,0x00000000dda80000)
  to   space 13824K, 0% used [0x00000000e2780000,0x00000000e2780000,0x00000000e3500000)
 ParOldGen       total 56320K, used 9093K [0x0000000081e00000, 0x0000000085500000, 0x00000000d5f80000)
  object space 56320K, 16% used [0x0000000081e00000,0x00000000826e1460,0x0000000085500000)
 Metaspace       used 28022K, capacity 28452K, committed 28544K, reserved 1075200K
  class space    used 3552K, capacity 3673K, committed 3712K, reserved 1048576K
}
Event: 6.754 GC heap before
{Heap before GC invocations=9 (full 1):
 PSYoungGen      total 125952K, used 125949K [0x00000000d5f80000, 0x00000000e3500000, 0x0000000100000000)
  eden space 114176K, 100% used [0x00000000d5f80000,0x00000000dcf00000,0x00000000dcf00000)
  from space 11776K, 99% used [0x00000000dcf00000,0x00000000dda7f4e8,0x00000000dda80000)
  to   space 13824K, 0% used [0x00000000e2780000,0x00000000e2780000,0x00000000e3500000)
 ParOldGen       total 56320K, used 9093K [0x0000000081e00000, 0x0000000085500000, 0x00000000d5f80000)
  object space 56320K, 16% used [0x0000000081e00000,0x00000000826e1460,0x0000000085500000)
 Metaspace       used 33256K, capacity 33634K, committed 33792K, reserved 1079296K
  class space    used 4237K, capacity 4350K, committed 4352K, reserved 1048576K
Event: 6.768 GC heap after
Heap after GC invocations=9 (full 1):
 PSYoungGen      total 199680K, used 13796K [0x00000000d5f80000, 0x00000000e3500000, 0x0000000100000000)
  eden space 185856K, 0% used [0x00000000d5f80000,0x00000000d5f80000,0x00000000e1500000)
  from space 13824K, 99% used [0x00000000e2780000,0x00000000e34f9098,0x00000000e3500000)
  to   space 15872K, 0% used [0x00000000e1600000,0x00000000e1600000,0x00000000e2580000)
 ParOldGen       total 56320K, used 9755K [0x0000000081e00000, 0x0000000085500000, 0x00000000d5f80000)
  object space 56320K, 17% used [0x0000000081e00000,0x0000000082786e48,0x0000000085500000)
 Metaspace       used 33256K, capacity 33634K, committed 33792K, reserved 1079296K
  class space    used 4237K, capacity 4350K, committed 4352K, reserved 1048576K
}
Event: 7.064 GC heap before
{Heap before GC invocations=10 (full 1):
 PSYoungGen      total 199680K, used 46389K [0x00000000d5f80000, 0x00000000e3500000, 0x0000000100000000)
  eden space 185856K, 17% used [0x00000000d5f80000,0x00000000d7f54628,0x00000000e1500000)
  from space 13824K, 99% used [0x00000000e2780000,0x00000000e34f9098,0x00000000e3500000)
  to   space 15872K, 0% used [0x00000000e1600000,0x00000000e1600000,0x00000000e2580000)
 ParOldGen       total 56320K, used 9755K [0x0000000081e00000, 0x0000000085500000, 0x00000000d5f80000)
  object space 56320K, 17% used [0x0000000081e00000,0x0000000082786e48,0x0000000085500000)
 Metaspace       used 34944K, capacity 35362K, committed 35496K, reserved 1081344K
  class space    used 4487K, capacity 4606K, committed 4608K, reserved 1048576K
Event: 7.082 GC heap after
Heap after GC invocations=10 (full 1):
 PSYoungGen      total 202752K, used 11930K [0x00000000d5f80000, 0x00000000e7f80000, 0x0000000100000000)
  eden space 186880K, 0% used [0x00000000d5f80000,0x00000000d5f80000,0x00000000e1600000)
  from space 15872K, 75% used [0x00000000e1600000,0x00000000e21a6ba8,0x00000000e2580000)
  to   space 16384K, 0% used [0x00000000e6f80000,0x00000000e6f80000,0x00000000e7f80000)
 ParOldGen       total 56320K, used 12357K [0x0000000081e00000, 0x0000000085500000, 0x00000000d5f80000)
  object space 56320K, 21% used [0x0000000081e00000,0x0000000082a11700,0x0000000085500000)
 Metaspace       used 34944K, capacity 35362K, committed 35496K, reserved 1081344K
  class space    used 4487K, capacity 4606K, committed 4608K, reserved 1048576K
}
Event: 7.082 GC heap before
{Heap before GC invocations=11 (full 2):
 PSYoungGen      total 202752K, used 11930K [0x00000000d5f80000, 0x00000000e7f80000, 0x0000000100000000)
  eden space 186880K, 0% used [0x00000000d5f80000,0x00000000d5f80000,0x00000000e1600000)
  from space 15872K, 75% used [0x00000000e1600000,0x00000000e21a6ba8,0x00000000e2580000)
  to   space 16384K, 0% used [0x00000000e6f80000,0x00000000e6f80000,0x00000000e7f80000)
 ParOldGen       total 56320K, used 12357K [0x0000000081e00000, 0x0000000085500000, 0x00000000d5f80000)
  object space 56320K, 21% used [0x0000000081e00000,0x0000000082a11700,0x0000000085500000)
 Metaspace       used 34944K, capacity 35362K, committed 35496K, reserved 1081344K
  class space    used 4487K, capacity 4606K, committed 4608K, reserved 1048576K
Event: 7.190 GC heap after
Heap after GC invocations=11 (full 2):
 PSYoungGen      total 202752K, used 0K [0x00000000d5f80000, 0x00000000e7f80000, 0x0000000100000000)
  eden space 186880K, 0% used [0x00000000d5f80000,0x00000000d5f80000,0x00000000e1600000)
  from space 15872K, 0% used [0x00000000e1600000,0x00000000e1600000,0x00000000e2580000)
  to   space 16384K, 0% used [0x00000000e6f80000,0x00000000e6f80000,0x00000000e7f80000)
 ParOldGen       total 82432K, used 22301K [0x0000000081e00000, 0x0000000086e80000, 0x00000000d5f80000)
  object space 82432K, 27% used [0x0000000081e00000,0x00000000833c7478,0x0000000086e80000)
 Metaspace       used 34944K, capacity 35362K, committed 35496K, reserved 1081344K
  class space    used 4487K, capacity 4606K, committed 4608K, reserved 1048576K
}
Event: 10.307 GC heap before
{Heap before GC invocations=12 (full 2):
 PSYoungGen      total 202752K, used 186880K [0x00000000d5f80000, 0x00000000e7f80000, 0x0000000100000000)
  eden space 186880K, 100% used [0x00000000d5f80000,0x00000000e1600000,0x00000000e1600000)
  from space 15872K, 0% used [0x00000000e1600000,0x00000000e1600000,0x00000000e2580000)
  to   space 16384K, 0% used [0x00000000e6f80000,0x00000000e6f80000,0x00000000e7f80000)
 ParOldGen       total 82432K, used 22301K [0x0000000081e00000, 0x0000000086e80000, 0x00000000d5f80000)
  object space 82432K, 27% used [0x0000000081e00000,0x00000000833c7478,0x0000000086e80000)
 Metaspace       used 47259K, capacity 47682K, committed 48000K, reserved 1091584K
  class space    used 6100K, capacity 6222K, committed 6272K, reserved 1048576K
Event: 10.335 GC heap after
Heap after GC invocations=12 (full 2):
 PSYoungGen      total 271360K, used 16353K [0x00000000d5f80000, 0x00000000e7f80000, 0x0000000100000000)
  eden space 254976K, 0% used [0x00000000d5f80000,0x00000000d5f80000,0x00000000e5880000)
  from space 16384K, 99% used [0x00000000e6f80000,0x00000000e7f784c0,0x00000000e7f80000)
  to   space 18944K, 0% used [0x00000000e5a80000,0x00000000e5a80000,0x00000000e6d00000)
 ParOldGen       total 82432K, used 23425K [0x0000000081e00000, 0x0000000086e80000, 0x00000000d5f80000)
  object space 82432K, 28% used [0x0000000081e00000,0x00000000834e04e0,0x0000000086e80000)
 Metaspace       used 47259K, capacity 47682K, committed 48000K, reserved 1091584K
  class space    used 6100K, capacity 6222K, committed 6272K, reserved 1048576K
}

Deoptimization events (10 events):
Event: 20.192 Thread 0x000000002082f000 Uncommon trap: reason=unhandled action=none pc=0x000000000244aa54 method=java.net.URLClassLoader.findClass(Ljava/lang/String;)Ljava/lang/Class; @ 44
Event: 20.192 Thread 0x000000002082f000 Uncommon trap: reason=unhandled action=none pc=0x000000000244aa54 method=java.net.URLClassLoader.findClass(Ljava/lang/String;)Ljava/lang/Class; @ 44
Event: 20.192 Thread 0x000000002082f000 Uncommon trap: reason=unhandled action=none pc=0x000000000244aa54 method=java.net.URLClassLoader.findClass(Ljava/lang/String;)Ljava/lang/Class; @ 44
Event: 20.193 Thread 0x000000002082f000 Uncommon trap: reason=unhandled action=none pc=0x000000000244aa54 method=java.net.URLClassLoader.findClass(Ljava/lang/String;)Ljava/lang/Class; @ 44
Event: 23.105 Thread 0x000000002082f000 Uncommon trap: reason=unhandled action=none pc=0x000000000244aa54 method=java.net.URLClassLoader.findClass(Ljava/lang/String;)Ljava/lang/Class; @ 44
Event: 23.108 Thread 0x000000002082f000 Uncommon trap: reason=unhandled action=none pc=0x000000000244aa54 method=java.net.URLClassLoader.findClass(Ljava/lang/String;)Ljava/lang/Class; @ 44
Event: 23.111 Thread 0x000000002082f000 Uncommon trap: reason=unhandled action=none pc=0x000000000244aa54 method=java.net.URLClassLoader.findClass(Ljava/lang/String;)Ljava/lang/Class; @ 44
Event: 25.838 Thread 0x0000000020829800 Uncommon trap: reason=bimorphic action=maybe_recompile pc=0x0000000002654640 method=java.util.AbstractList$Itr.next()Ljava/lang/Object; @ 14
Event: 36.113 Thread 0x000000001cfdf000 Uncommon trap: reason=unhandled action=none pc=0x000000000244aa54 method=java.net.URLClassLoader.findClass(Ljava/lang/String;)Ljava/lang/Class; @ 44
Event: 36.114 Thread 0x000000001cfdf000 Uncommon trap: reason=unhandled action=none pc=0x000000000244aa54 method=java.net.URLClassLoader.findClass(Ljava/lang/String;)Ljava/lang/Class; @ 44

Internal exceptions (10 events):
Event: 16.077 Thread 0x000000002082f000 Exception <a 'java/lang/ClassNotFoundException': org/springframework/web/servlet/support/SessionFlashMapManagerCustomizer> (0x00000000dbe47110) thrown at [D:\re\puppet\workspace\8-2-build-windows-amd64-cygwin\jdk8u73\6086\hotspot\src\share\vm\classfile\sysê*0@
Event: 16.079 Thread 0x000000002082f000 Exception <a 'java/lang/ClassNotFoundException': org/springframework/web/servlet/FlashMapManagerCustomizer> (0x00000000dbe5e2c0) thrown at [D:\re\puppet\workspace\8-2-build-windows-amd64-cygwin\jdk8u73\6086\hotspot\src\share\vm\classfile\systemDictionary.c>v]£´0@
Event: 16.108 Thread 0x000000002082f000 Implicit null exception at 0x0000000003387cfa to 0x000000000339fe75
Event: 16.153 Thread 0x000000002082f000 Exception <a 'java/lang/ArrayIndexOutOfBoundsException': 58> (0x00000000dc2c2e08) thrown at [D:\re\puppet\workspace\8-2-build-windows-amd64-cygwin\jdk8u73\6086\hotspot\src\share\vm\interpreter\interpreterRuntime.cpp, line 366]
Event: 16.153 Thread 0x000000002082f000 Exception <a 'java/lang/ArrayIndexOutOfBoundsException': 40> (0x00000000dc2c3fd0) thrown at [D:\re\puppet\workspace\8-2-build-windows-amd64-cygwin\jdk8u73\6086\hotspot\src\share\vm\interpreter\interpreterRuntime.cpp, line 366]
Event: 16.153 Thread 0x000000002082f000 Exception <a 'java/lang/ArrayIndexOutOfBoundsException': 9> (0x00000000dc2c50f0) thrown at [D:\re\puppet\workspace\8-2-build-windows-amd64-cygwin\jdk8u73\6086\hotspot\src\share\vm\interpreter\interpreterRuntime.cpp, line 366]
Event: 16.153 Thread 0x000000002082f000 Exception <a 'java/lang/ArrayIndexOutOfBoundsException': 61> (0x00000000dc2c67c8) thrown at [D:\re\puppet\workspace\8-2-build-windows-amd64-cygwin\jdk8u73\6086\hotspot\src\share\vm\interpreter\interpreterRuntime.cpp, line 366]
Event: 16.153 Thread 0x000000002082f000 Exception <a 'java/lang/ArrayIndexOutOfBoundsException': 201> (0x00000000dc2c8dd8) thrown at [D:\re\puppet\workspace\8-2-build-windows-amd64-cygwin\jdk8u73\6086\hotspot\src\share\vm\interpreter\interpreterRuntime.cpp, line 366]
Event: 16.153 Thread 0x000000002082f000 Exception <a 'java/lang/ArrayIndexOutOfBoundsException': 40> (0x00000000dc2c9e60) thrown at [D:\re\puppet\workspace\8-2-build-windows-amd64-cygwin\jdk8u73\6086\hotspot\src\share\vm\interpreter\interpreterRuntime.cpp, line 366]
Event: 16.154 Thread 0x000000002082f000 Exception <a 'java/lang/ArrayIndexOutOfBoundsException': 9> (0x00000000dc2cac20) thrown at [D:\re\puppet\workspace\8-2-build-windows-amd64-cygwin\jdk8u73\6086\hotspot\src\share\vm\interpreter\interpreterRuntime.cpp, line 366]

Events (10 events):
Event: 36.114 Thread 0x000000001cfdf000 Uncommon trap: trap_request=0xffffffa7 fr.pc=0x000000000244aa54
Event: 36.114 Thread 0x000000001cfdf000 DEOPT PACKING pc=0x000000000244aa54 sp=0x000000001d7fde00
Event: 36.114 Thread 0x000000001cfdf000 DEOPT UNPACKING pc=0x000000000232582a sp=0x000000001d7fdd98 mode 2
Event: 36.114 Thread 0x000000001cfdf000 DEOPT PACKING pc=0x0000000003327264 sp=0x000000001d7fde40
Event: 36.114 Thread 0x000000001cfdf000 DEOPT UNPACKING pc=0x000000000232787f sp=0x000000001d7fdc50 mode 1
Event: 36.114 Thread 0x000000001cfdf000 DEOPT PACKING pc=0x00000000033271ac sp=0x000000001d7fdfc0
Event: 36.114 Thread 0x000000001cfdf000 DEOPT UNPACKING pc=0x000000000232787f sp=0x000000001d7fddd0 mode 1
Event: 39.842 Thread 0x0000000016e5d000 flushing nmethod 0x0000000002581e90
Event: 40.054 Executing VM operation: RedefineClasses
Event: 40.107 Executing VM operation: RedefineClasses done


Dynamic libraries:
0x00007ff63d640000 - 0x00007ff63d677000 	C:\Program Files\Java\jre1.8.0_73\bin\javaw.exe
0x00007ffcf3140000 - 0x00007ffcf3311000 	C:\WINDOWS\SYSTEM32\ntdll.dll
0x00007ffcf3090000 - 0x00007ffcf313b000 	C:\WINDOWS\System32\KERNEL32.DLL
0x00007ffcde390000 - 0x00007ffcde3e4000 	C:\Program Files (x86)\AVG\Av\avghooka.dll
0x00007ffcef630000 - 0x00007ffcef84d000 	C:\WINDOWS\System32\KERNELBASE.dll
0x00007ffcf0db0000 - 0x00007ffcf0e52000 	C:\WINDOWS\System32\ADVAPI32.dll
0x00007ffcf2490000 - 0x00007ffcf252e000 	C:\WINDOWS\System32\msvcrt.dll
0x00007ffcf2430000 - 0x00007ffcf2489000 	C:\WINDOWS\System32\sechost.dll
0x00007ffcf26a0000 - 0x00007ffcf27c1000 	C:\WINDOWS\System32\RPCRT4.dll
0x00007ffcf2530000 - 0x00007ffcf2695000 	C:\WINDOWS\System32\USER32.dll
0x00007ffcef950000 - 0x00007ffcef96e000 	C:\WINDOWS\System32\win32u.dll
0x00007ffcf0a70000 - 0x00007ffcf0aa4000 	C:\WINDOWS\System32\GDI32.dll
0x00007ffcefcb0000 - 0x00007ffcefe32000 	C:\WINDOWS\System32\gdi32full.dll
0x00007ffcdd880000 - 0x00007ffcddaf9000 	C:\WINDOWS\WinSxS\amd64_microsoft.windows.common-controls_6595b64144ccf1df_6.0.14393.447_none_42191651c6827bb3\COMCTL32.dll
0x00007ffcf0ae0000 - 0x00007ffcf0da7000 	C:\WINDOWS\System32\combase.dll
0x00007ffcefbb0000 - 0x00007ffcefca5000 	C:\WINDOWS\System32\ucrtbase.dll
0x00007ffcef970000 - 0x00007ffcef9da000 	C:\WINDOWS\System32\bcryptPrimitives.dll
0x00007ffcf0ab0000 - 0x00007ffcf0ade000 	C:\WINDOWS\System32\IMM32.DLL
0x0000000058d20000 - 0x0000000058df2000 	C:\Program Files\Java\jre1.8.0_73\bin\msvcr100.dll
0x00000000581a0000 - 0x0000000058a30000 	C:\Program Files\Java\jre1.8.0_73\bin\server\jvm.dll
0x00007ffcf0900000 - 0x00007ffcf0908000 	C:\WINDOWS\System32\PSAPI.DLL
0x00007ffce1b40000 - 0x00007ffce1b49000 	C:\WINDOWS\SYSTEM32\WSOCK32.dll
0x00007ffcf2eb0000 - 0x00007ffcf2f1a000 	C:\WINDOWS\System32\WS2_32.dll
0x00007ffced8d0000 - 0x00007ffced8f3000 	C:\WINDOWS\SYSTEM32\WINMM.dll
0x00007ffce2db0000 - 0x00007ffce2dba000 	C:\WINDOWS\SYSTEM32\VERSION.dll
0x00007ffced8a0000 - 0x00007ffced8cb000 	C:\WINDOWS\SYSTEM32\WINMMBASE.dll
0x00007ffcef900000 - 0x00007ffcef942000 	C:\WINDOWS\System32\cfgmgr32.dll
0x0000000058ef0000 - 0x0000000058eff000 	C:\Program Files\Java\jre1.8.0_73\bin\verify.dll
0x0000000058ec0000 - 0x0000000058ee9000 	C:\Program Files\Java\jre1.8.0_73\bin\java.dll
0x0000000058ce0000 - 0x0000000058d15000 	C:\Program Files\Java\jre1.8.0_73\bin\jdwp.dll
0x0000000058cd0000 - 0x0000000058cd8000 	C:\Program Files\Java\jre1.8.0_73\bin\npt.dll
0x0000000058e70000 - 0x0000000058e86000 	C:\Program Files\Java\jre1.8.0_73\bin\zip.dll
0x00007ffcf0f20000 - 0x00007ffcf2429000 	C:\WINDOWS\System32\SHELL32.dll
0x00007ffceff90000 - 0x00007ffcf066a000 	C:\WINDOWS\System32\windows.storage.dll
0x00007ffcef5e0000 - 0x00007ffcef62c000 	C:\WINDOWS\System32\powrprof.dll
0x00007ffcf0e60000 - 0x00007ffcf0eb2000 	C:\WINDOWS\System32\shlwapi.dll
0x00007ffcef5d0000 - 0x00007ffcef5df000 	C:\WINDOWS\System32\kernel.appcore.dll
0x00007ffcefe40000 - 0x00007ffcefee9000 	C:\WINDOWS\System32\shcore.dll
0x00007ffcef5a0000 - 0x00007ffcef5b4000 	C:\WINDOWS\System32\profapi.dll
0x0000000058cc0000 - 0x0000000058cc9000 	C:\Program Files\Java\jre1.8.0_73\bin\dt_socket.dll
0x00007ffce1d80000 - 0x00007ffce1d96000 	C:\WINDOWS\system32\napinsp.dll
0x00007ffcdf990000 - 0x00007ffcdf9aa000 	C:\WINDOWS\system32\pnrpnsp.dll
0x00007ffce9f60000 - 0x00007ffce9f78000 	C:\WINDOWS\system32\NLAapi.dll
0x00007ffceeda0000 - 0x00007ffceedfc000 	C:\WINDOWS\System32\mswsock.dll
0x00007ffceeb70000 - 0x00007ffceec10000 	C:\WINDOWS\SYSTEM32\DNSAPI.dll
0x00007ffcf2ea0000 - 0x00007ffcf2ea8000 	C:\WINDOWS\System32\NSI.dll
0x00007ffceeb30000 - 0x00007ffceeb68000 	C:\WINDOWS\SYSTEM32\IPHLPAPI.DLL
0x00007ffcdf4e0000 - 0x00007ffcdf4ee000 	C:\WINDOWS\System32\winrnr.dll
0x00007ffce8760000 - 0x00007ffce87ca000 	C:\WINDOWS\System32\fwpuclnt.dll
0x00007ffcef4e0000 - 0x00007ffcef50b000 	C:\WINDOWS\SYSTEM32\bcrypt.dll
0x00007ffce7a80000 - 0x00007ffce7a8a000 	C:\Windows\System32\rasadhlp.dll
0x0000000058cb0000 - 0x0000000058cbd000 	C:\Program Files\Java\jre1.8.0_73\bin\management.dll
0x0000000058e50000 - 0x0000000058e6a000 	C:\Program Files\Java\jre1.8.0_73\bin\net.dll
0x0000000058e30000 - 0x0000000058e41000 	C:\Program Files\Java\jre1.8.0_73\bin\nio.dll
0x00007ffcef020000 - 0x00007ffcef037000 	C:\WINDOWS\SYSTEM32\CRYPTSP.dll
0x00007ffceef20000 - 0x00007ffceef53000 	C:\WINDOWS\system32\rsaenh.dll
0x00007ffceec20000 - 0x00007ffceec3f000 	C:\WINDOWS\SYSTEM32\USERENV.dll
0x00007ffcef010000 - 0x00007ffcef01b000 	C:\WINDOWS\SYSTEM32\CRYPTBASE.dll
0x00007ffcea870000 - 0x00007ffcea886000 	C:\WINDOWS\SYSTEM32\dhcpcsvc6.DLL
0x00007ffcea730000 - 0x00007ffcea74a000 	C:\WINDOWS\SYSTEM32\dhcpcsvc.DLL
0x00007ffce7b30000 - 0x00007ffce7cc2000 	C:\WINDOWS\SYSTEM32\dbghelp.dll

VM Arguments:
jvm_args: -agentlib:jdwp=transport=dt_socket,suspend=y,address=localhost:7685 -Dcom.sun.management.jmxremote -Dcom.sun.management.jmxremote.port=7684 -Dcom.sun.management.jmxremote.authenticate=false -Dcom.sun.management.jmxremote.ssl=false -Dspring.liveBeansView.mbeanDomain -Dspring.application.admin.enabled=true -Dfile.encoding=UTF-8 
java_command: app.Application --spring.output.ansi.enabled=always
java_class_path (initial): I:\IsaProjekat\ISA\ProjectIsa\target\classes;C:\Users\Vladimir Stanojevic\.m2\repository\org\springframework\boot\spring-boot-starter\1.4.1.RELEASE\spring-boot-starter-1.4.1.RELEASE.jar;C:\Users\Vladimir Stanojevic\.m2\repository\org\springframework\boot\spring-boot\1.4.1.RELEASE\spring-boot-1.4.1.RELEASE.jar;C:\Users\Vladimir Stanojevic\.m2\repository\org\springframework\boot\spring-boot-autoconfigure\1.4.1.RELEASE\spring-boot-autoconfigure-1.4.1.RELEASE.jar;C:\Users\Vladimir Stanojevic\.m2\repository\org\springframework\boot\spring-boot-starter-logging\1.4.1.RELEASE\spring-boot-starter-logging-1.4.1.RELEASE.jar;C:\Users\Vladimir Stanojevic\.m2\repository\ch\qos\logback\logback-classic\1.1.7\logback-classic-1.1.7.jar;C:\Users\Vladimir Stanojevic\.m2\repository\ch\qos\logback\logback-core\1.1.7\logback-core-1.1.7.jar;C:\Users\Vladimir Stanojevic\.m2\repository\org\slf4j\jcl-over-slf4j\1.7.21\jcl-over-slf4j-1.7.21.jar;C:\Users\Vladimir Stanojevic\.m2\repository\org\slf4j\jul-to-slf4j\1.7.21\jul-to-slf4j-1.7.21.jar;C:\Users\Vladimir Stanojevic\.m2\repository\org\slf4j\log4j-over-slf4j\1.7.21\log4j-over-slf4j-1.7.21.jar;C:\Users\Vladimir Stanojevic\.m2\repository\org\springframework\spring-core\4.3.3.RELEASE\spring-core-4.3.3.RELEASE.jar;C:\Users\Vladimir Stanojevic\.m2\repository\org\yaml\snakeyaml\1.17\snakeyaml-1.17.jar;C:\Users\Vladimir Stanojevic\.m2\repository\org\springframework\boot\spring-boot-starter-data-rest\1.4.1.RELEASE\spring-boot-starter-data-rest-1.4.1.RELEASE.jar;C:\Users\Vladimir Stanojevic\.m2\repository\org\springframework\boot\spring-boot-starter-web\1.4.1.RELEASE\spring-boot-starter-web-1.4.1.RELEASE.jar;C:\Users\Vladimir Stanojevic\.m2\repository\org\springframework\boot\spring-boot-starter-tomcat\1.4.1.RELEASE\spring-boot-starter-tomcat-1.4.1.RELEASE.jar;C:\Users\Vladimir Stanojevic\.m2\repository\org\apache\tomcat\embed\tomcat-embed-core\8.5.5\tomcat-embed-core-8.5.5.jar;C:\Users\Vladimir Stanojevic\.m2\repository\
Launcher Type: SUN_STANDARD

Environment Variables:
JAVA_HOME=C:\Program Files\Java\jdk1.8.0_73
PATH=C:/Program Files/Java/jre1.8.0_73/bin/server;C:/Program Files/Java/jre1.8.0_73/bin;C:/Program Files/Java/jre1.8.0_73/lib/amd64;C:\ProgramData\Oracle\Java\javapath;C:\WINDOWS\system32;C:\WINDOWS;C:\WINDOWS\System32\Wbem;C:\WINDOWS\System32\WindowsPowerShell\v1.0\;C:\Program Files (x86)\Skype\Phone\;C:\Program Files (x86)\Microsoft SQL Server\100\Tools\Binn\;C:\Program Files\Microsoft SQL Server\100\Tools\Binn\;C:\Program Files\Microsoft SQL Server\100\DTS\Binn\;C:\WINDOWS\system32\config\systemprofile\.dnx\bin;C:\Program Files\Microsoft DNX\Dnvm\;C:\Program Files\Microsoft SQL Server\130\Tools\Binn\;C:\Program Files\nodejs\;C:\Program Files\Git\cmd;C:\Program Files\MySQL\MySQL Utilities 1.6\;C:\Program Files\Apache Software Foundation\apache-maven-3.3.9\bin;C:\Program Files (x86)\Microsoft VS Code\bin;I:\spring-tool-suite-3.8.2.RELEASE-e4.6.1-win32-x86_64\sts-bundle\sts-3.8.2.RELEASE;
USERNAME=Vladimir Stanojevic
OS=Windows_NT
PROCESSOR_IDENTIFIER=Intel64 Family 6 Model 58 Stepping 9, GenuineIntel



---------------  S Y S T E M  ---------------

OS: Windows 10.0 , 64 bit Build 14393 (10.0.14393.0)

CPU:total 4 (2 cores per cpu, 2 threads per core) family 6 model 58 stepping 9, cmov, cx8, fxsr, mmx, sse, sse2, sse3, ssse3, sse4.1, sse4.2, popcnt, avx, clmul, erms, ht, tsc, tscinvbit, tscinv

Memory: 4k page, physical 8264032k(3623904k free), swap 9574752k(3680460k free)

vm_info: Java HotSpot(TM) 64-Bit Server VM (25.73-b02) for windows-amd64 JRE (1.8.0_73-b02), built on Jan 29 2016 17:38:49 by "java_re" with MS VC++ 10.0 (VS2010)

time: Fri Dec 02 14:40:44 2016
elapsed time: 40 seconds (0d 0h 0m 40s)

